[0307/154121.118:ERROR:process_info.cc(329)] VirtualQueryEx: Отказано в доступе. (0x5)
[0307/154121.120:ERROR:process_info.cc(556)] ReadMemoryInfo failed
[0307/154121.120:ERROR:process_memory_win.cc(39)] Failed to initialize ProcessInfo.
[0307/154121.120:ERROR:scoped_process_suspend.cc(40)] NtResumeProcess: Попытка доступа к процессу, выполняющему процедуру завершения. (0xc000010a)
[0307/161629.173:ERROR:process_info.cc(329)] VirtualQueryEx: Отказано в доступе. (0x5)
[0307/161629.173:ERROR:process_info.cc(556)] ReadMemoryInfo failed
[0307/161629.173:ERROR:scoped_process_suspend.cc(40)] NtResumeProcess: Попытка доступа к процессу, выполняющему процедуру завершения. (0xc000010a)
[0307/161654.692:ERROR:process_memory_win.cc(73)] ReadMemory at 0x20e07787620 of 6656 bytes failed: Запрос ReadProcessMemory или WriteProcessMemory был выполнен только частично. (0x12B)
[0307/161654.693:ERROR:process_snapshot_win.cc(322)] failed to read unloaded module data
[0307/161654.696:ERROR:process_memory_win.cc(73)] ReadMemory at 0x7ff751090000 of 64 bytes failed: Запрос ReadProcessMemory или WriteProcessMemory был выполнен только частично. (0x12B)
[0307/161654.696:WARNING:pe_image_reader.cc(340)] could not read dos header from C:\Program Files (x86)\Google\Chrome\Application\chrome.exe
[0307/161654.696:ERROR:process_memory_win.cc(73)] ReadMemory at 0x7fff0bd90000 of 64 bytes failed: Запрос ReadProcessMemory или WriteProcessMemory был выполнен только частично. (0x12B)
[0307/161654.697:WARNING:pe_image_reader.cc(340)] could not read dos header from C:\Program Files (x86)\Google\Chrome\Application\80.0.3987.132\chrome_elf.dll
[0307/161654.697:ERROR:process_memory_win.cc(73)] ReadMemory at 0x7ffed68e0000 of 64 bytes failed: Запрос ReadProcessMemory или WriteProcessMemory был выполнен только частично. (0x12B)
[0307/161654.697:WARNING:pe_image_reader.cc(340)] could not read dos header from C:\Program Files (x86)\Google\Chrome\Application\80.0.3987.132\chrome.dll
[0307/161654.697:ERROR:process_memory_win.cc(73)] ReadMemory at 0x7fff27b40000 of 64 bytes failed: Запрос ReadProcessMemory или WriteProcessMemory был выполнен только частично. (0x12B)
[0307/161654.697:WARNING:pe_image_reader.cc(340)] could not read dos header from C:\Windows\System32\MSASN1.dll
[0307/161654.697:ERROR:process_memory_win.cc(73)] ReadMemory at 0x7fff27bf0000 of 64 bytes failed: Запрос ReadProcessMemory или WriteProcessMemory был выполнен только частично. (0x12B)
[0307/161654.697:WARNING:pe_image_reader.cc(340)] could not read dos header from C:\Windows\System32\CRYPT32.dll
[0307/161654.697:ERROR:process_memory_win.cc(73)] ReadMemory at 0x7fff270b0000 of 64 bytes failed: Запрос ReadProcessMemory или WriteProcessMemory был выполнен только частично. (0x12B)
[0307/161654.697:WARNING:pe_image_reader.cc(340)] could not read dos header from C:\Windows\SYSTEM32\IPHLPAPI.DLL
[0307/161654.697:ERROR:process_memory_win.cc(73)] ReadMemory at 0x7fff20b20000 of 64 bytes failed: Запрос ReadProcessMemory или WriteProcessMemory был выполнен только частично. (0x12B)
[0307/161654.697:WARNING:pe_image_reader.cc(340)] could not read dos header from C:\Windows\SYSTEM32\WINMM.dll
[0307/161654.697:ERROR:process_memory_win.cc(73)] ReadMemory at 0x7fff15650000 of 64 bytes failed: Запрос ReadProcessMemory или WriteProcessMemory был выполнен только частично. (0x12B)
[0307/161654.697:WARNING:pe_image_reader.cc(340)] could not read dos header from C:\Windows\SYSTEM32\Secur32.dll
[0307/161654.697:ERROR:process_memory_win.cc(73)] ReadMemory at 0x7fff27a50000 of 64 bytes failed: Запрос ReadProcessMemory или WriteProcessMemory был выполнен только частично. (0x12B)
[0307/161654.697:WARNING:pe_image_reader.cc(340)] could not read dos header from C:\Windows\SYSTEM32\USERENV.dll
[0307/161654.697:ERROR:process_memory_win.cc(73)] ReadMemory at 0x7fff27b60000 of 64 bytes failed: Запрос ReadProcessMemory или WriteProcessMemory был выполнен только частично. (0x12B)
[0307/161654.697:WARNING:pe_image_reader.cc(340)] could not read dos header from C:\Windows\System32\profapi.dll
[0307/161654.697:ERROR:process_memory_win.cc(73)] ReadMemory at 0x7fff069b0000 of 64 bytes failed: Запрос ReadProcessMemory или WriteProcessMemory был выполнен только частично. (0x12B)
[0307/161654.697:WARNING:pe_image_reader.cc(340)] could not read dos header from C:\Windows\SYSTEM32\UIAutomationCore.DLL
[0307/161654.698:ERROR:process_memory_win.cc(73)] ReadMemory at 0x7fff0f2e0000 of 64 bytes failed: Запрос ReadProcessMemory или WriteProcessMemory был выполнен только частично. (0x12B)
[0307/161654.698:WARNING:pe_image_reader.cc(340)] could not read dos header from C:\Windows\SYSTEM32\DWrite.dll
[0307/161654.698:ERROR:process_memory_win.cc(73)] ReadMemory at 0x7fff194e0000 of 64 bytes failed: Запрос ReadProcessMemory или WriteProcessMemory был выполнен только частично. (0x12B)
[0307/161654.698:WARNING:pe_image_reader.cc(340)] could not read dos header from C:\Windows\SYSTEM32\WINSPOOL.DRV
[0307/161654.698:ERROR:process_memory_win.cc(73)] ReadMemory at 0x7fff27bd0000 of 64 bytes failed: Запрос ReadProcessMemory или WriteProcessMemory был выполнен только частично. (0x12B)
[0307/161654.698:WARNING:pe_image_reader.cc(340)] could not read dos header from C:\Windows\System32\kernel.appcore.dll
[0307/161654.698:ERROR:process_memory_win.cc(73)] ReadMemory at 0x7fff28110000 of 64 bytes failed: Запрос ReadProcessMemory или WriteProcessMemory был выполнен только частично. (0x12B)
[0307/161654.698:WARNING:pe_image_reader.cc(340)] could not read dos header from C:\Windows\System32\bcrypt.dll
[0307/161654.698:ERROR:process_memory_win.cc(73)] ReadMemory at 0x7fff18bf0000 of 64 bytes failed: Запрос ReadProcessMemory или WriteProcessMemory был выполнен только частично. (0x12B)
[0307/161654.698:WARNING:pe_image_reader.cc(340)] could not read dos header from C:\Windows\SYSTEM32\dbghelp.dll
[0307/161654.698:ERROR:process_memory_win.cc(73)] ReadMemory at 0x7fff20700000 of 64 bytes failed: Запрос ReadProcessMemory или WriteProcessMemory был выполнен только частично. (0x12B)
[0307/161654.698:WARNING:pe_image_reader.cc(340)] could not read dos header from C:\Windows\SYSTEM32\WINHTTP.dll
[0307/161654.698:ERROR:process_memory_win.cc(73)] ReadMemory at 0x7fff21840000 of 64 bytes failed: Запрос ReadProcessMemory или WriteProcessMemory был выполнен только частично. (0x12B)
[0307/161654.698:WARNING:pe_image_reader.cc(340)] could not read dos header from C:\Windows\SYSTEM32\dhcpcsvc.DLL
[0307/161654.698:ERROR:process_memory_win.cc(73)] ReadMemory at 0x7fff28d10000 of 64 bytes failed: Запрос ReadProcessMemory или WriteProcessMemory был выполнен только частично. (0x12B)
[0307/161654.698:WARNING:pe_image_reader.cc(340)] could not read dos header from C:\Windows\System32\NSI.dll
[0307/161654.698:ERROR:process_memory_win.cc(73)] ReadMemory at 0x7fff20af0000 of 64 bytes failed: Запрос ReadProcessMemory или WriteProcessMemory был выполнен только частично. (0x12B)
[0307/161654.698:WARNING:pe_image_reader.cc(340)] could not read dos header from C:\Windows\SYSTEM32\WINMMBASE.dll
[0307/161654.698:ERROR:process_memory_win.cc(73)] ReadMemory at 0x7fff27d40000 of 64 bytes failed: Запрос ReadProcessMemory или WriteProcessMemory был выполнен только частично. (0x12B)
[0307/161654.698:WARNING:pe_image_reader.cc(340)] could not read dos header from C:\Windows\System32\cfgmgr32.dll
[0307/161654.698:ERROR:process_memory_win.cc(73)] ReadMemory at 0x7fff23f60000 of 64 bytes failed: Запрос ReadProcessMemory или WriteProcessMemory был выполнен только частично. (0x12B)
[0307/161654.698:WARNING:pe_image_reader.cc(340)] could not read dos header from C:\Windows\SYSTEM32\PROPSYS.dll
[0307/161654.698:ERROR:process_memory_win.cc(73)] ReadMemory at 0x7fff2a8b0000 of 64 bytes failed: Запрос ReadProcessMemory или WriteProcessMemory был выполнен только частично. (0x12B)
[0307/161654.698:WARNING:pe_image_reader.cc(340)] could not read dos header from C:\Windows\System32\shcore.dll
[0307/161654.698:ERROR:process_memory_win.cc(73)] ReadMemory at 0x7fff27a20000 of 64 bytes failed: Запрос ReadProcessMemory или WriteProcessMemory был выполнен только частично. (0x12B)
[0307/161654.698:WARNING:pe_image_reader.cc(340)] could not read dos header from C:\Windows\SYSTEM32\SSPICLI.DLL
[0307/161654.698:ERROR:process_memory_win.cc(73)] ReadMemory at 0x7fff27570000 of 64 bytes failed: Запрос ReadProcessMemory или WriteProcessMemory был выполнен только частично. (0x12B)
[0307/161654.698:WARNING:pe_image_reader.cc(340)] could not read dos header from C:\Windows\SYSTEM32\CRYPTBASE.DLL
[0307/161654.698:ERROR:process_memory_win.cc(73)] ReadMemory at 0x7ff751090000 of 64 bytes failed: Запрос ReadProcessMemory или WriteProcessMemory был выполнен только частично. (0x12B)
[0307/161654.698:WARNING:pe_image_reader.cc(340)] could not read dos header from C:\Program Files (x86)\Google\Chrome\Application\chrome.exe
[0307/161654.699:ERROR:process_memory_win.cc(73)] ReadMemory at 0x7ff751090000 of 64 bytes failed: Запрос ReadProcessMemory или WriteProcessMemory был выполнен только частично. (0x12B)
[0307/161654.699:WARNING:pe_image_reader.cc(340)] could not read dos header from C:\Program Files (x86)\Google\Chrome\Application\chrome.exe
[0307/161654.699:ERROR:process_memory_win.cc(73)] ReadMemory at 0x7fff2ac60000 of 64 bytes failed: Запрос ReadProcessMemory или WriteProcessMemory был выполнен только частично. (0x12B)
[0307/161654.699:WARNING:pe_image_reader.cc(340)] could not read dos header from C:\Windows\SYSTEM32\ntdll.dll
[0307/161654.699:ERROR:process_memory_win.cc(73)] ReadMemory at 0x7fff2ac60000 of 64 bytes failed: Запрос ReadProcessMemory или WriteProcessMemory был выполнен только частично. (0x12B)
[0307/161654.699:WARNING:pe_image_reader.cc(340)] could not read dos header from C:\Windows\SYSTEM32\ntdll.dll
[0307/161654.699:ERROR:process_memory_win.cc(73)] ReadMemory at 0x7fff29c20000 of 64 bytes failed: Запрос ReadProcessMemory или WriteProcessMemory был выполнен только частично. (0x12B)
[0307/161654.699:WARNING:pe_image_reader.cc(340)] could not read dos header from C:\Windows\System32\KERNEL32.DLL
[0307/161654.699:ERROR:process_memory_win.cc(73)] ReadMemory at 0x7fff29c20000 of 64 bytes failed: Запрос ReadProcessMemory или WriteProcessMemory был выполнен только частично. (0x12B)
[0307/161654.699:WARNING:pe_image_reader.cc(340)] could not read dos header from C:\Windows\System32\KERNEL32.DLL
[0307/161654.699:ERROR:process_memory_win.cc(73)] ReadMemory at 0x7fff28140000 of 64 bytes failed: Запрос ReadProcessMemory или WriteProcessMemory был выполнен только частично. (0x12B)
[0307/161654.699:WARNING:pe_image_reader.cc(340)] could not read dos header from C:\Windows\System32\KERNELBASE.dll
[0307/161654.699:ERROR:process_memory_win.cc(73)] ReadMemory at 0x7fff28140000 of 64 bytes failed: Запрос ReadProcessMemory или WriteProcessMemory был выполнен только частично. (0x12B)
[0307/161654.699:WARNING:pe_image_reader.cc(340)] could not read dos header from C:\Windows\System32\KERNELBASE.dll
[0307/161654.699:ERROR:process_memory_win.cc(73)] ReadMemory at 0x7fff0bd90000 of 64 bytes failed: Запрос ReadProcessMemory или WriteProcessMemory был выполнен только частично. (0x12B)
[0307/161654.699:WARNING:pe_image_reader.cc(340)] could not read dos header from C:\Program Files (x86)\Google\Chrome\Application\80.0.3987.132\chrome_elf.dll
[0307/161654.699:ERROR:process_memory_win.cc(73)] ReadMemory at 0x7fff0bd90000 of 64 bytes failed: Запрос ReadProcessMemory или WriteProcessMemory был выполнен только частично. (0x12B)
[0307/161654.699:WARNING:pe_image_reader.cc(340)] could not read dos header from C:\Program Files (x86)\Google\Chrome\Application\80.0.3987.132\chrome_elf.dll
[0307/161654.699:ERROR:process_memory_win.cc(73)] ReadMemory at 0x7fff228c0000 of 64 bytes failed: Запрос ReadProcessMemory или WriteProcessMemory был выполнен только частично. (0x12B)
[0307/161654.699:WARNING:pe_image_reader.cc(340)] could not read dos header from C:\Windows\SYSTEM32\VERSION.dll
[0307/161654.699:ERROR:process_memory_win.cc(73)] ReadMemory at 0x7fff228c0000 of 64 bytes failed: Запрос ReadProcessMemory или WriteProcessMemory был выполнен только частично. (0x12B)
[0307/161654.699:WARNING:pe_image_reader.cc(340)] could not read dos header from C:\Windows\SYSTEM32\VERSION.dll
[0307/161654.699:ERROR:process_memory_win.cc(73)] ReadMemory at 0x7fff29b70000 of 64 bytes failed: Запрос ReadProcessMemory или WriteProcessMemory был выполнен только частично. (0x12B)
[0307/161654.699:WARNING:pe_image_reader.cc(340)] could not read dos header from C:\Windows\System32\msvcrt.dll
[0307/161654.699:ERROR:process_memory_win.cc(73)] ReadMemory at 0x7fff29b70000 of 64 bytes failed: Запрос ReadProcessMemory или WriteProcessMemory был выполнен только частично. (0x12B)
[0307/161654.699:WARNING:pe_image_reader.cc(340)] could not read dos header from C:\Windows\System32\msvcrt.dll
[0307/161654.700:ERROR:process_memory_win.cc(73)] ReadMemory at 0x7fff28b90000 of 64 bytes failed: Запрос ReadProcessMemory или WriteProcessMemory был выполнен только частично. (0x12B)
[0307/161654.700:WARNING:pe_image_reader.cc(340)] could not read dos header from C:\Windows\System32\bcryptPrimitives.dll
[0307/161654.700:ERROR:process_memory_win.cc(73)] ReadMemory at 0x7fff28b90000 of 64 bytes failed: Запрос ReadProcessMemory или WriteProcessMemory был выполнен только частично. (0x12B)
[0307/161654.700:WARNING:pe_image_reader.cc(340)] could not read dos header from C:\Windows\System32\bcryptPrimitives.dll
[0307/161654.700:ERROR:process_memory_win.cc(73)] ReadMemory at 0x7fff2ab70000 of 64 bytes failed: Запрос ReadProcessMemory или WriteProcessMemory был выполнен только частично. (0x12B)
[0307/161654.700:WARNING:pe_image_reader.cc(340)] could not read dos header from C:\Windows\System32\ADVAPI32.dll
[0307/161654.700:ERROR:process_memory_win.cc(73)] ReadMemory at 0x7fff2ab70000 of 64 bytes failed: Запрос ReadProcessMemory или WriteProcessMemory был выполнен только частично. (0x12B)
[0307/161654.700:WARNING:pe_image_reader.cc(340)] could not read dos header from C:\Windows\System32\ADVAPI32.dll
[0307/161654.700:ERROR:process_memory_win.cc(73)] ReadMemory at 0x7fff2a610000 of 64 bytes failed: Запрос ReadProcessMemory или WriteProcessMemory был выполнен только частично. (0x12B)
[0307/161654.700:WARNING:pe_image_reader.cc(340)] could not read dos header from C:\Windows\System32\sechost.dll
[0307/161654.700:ERROR:process_memory_win.cc(73)] ReadMemory at 0x7fff2a610000 of 64 bytes failed: Запрос ReadProcessMemory или WriteProcessMemory был выполнен только частично. (0x12B)
[0307/161654.700:WARNING:pe_image_reader.cc(340)] could not read dos header from C:\Windows\System32\sechost.dll
[0307/161654.700:ERROR:process_memory_win.cc(73)] ReadMemory at 0x7fff29d10000 of 64 bytes failed: Запрос ReadProcessMemory или WriteProcessMemory был выполнен только частично. (0x12B)
[0307/161654.700:WARNING:pe_image_reader.cc(340)] could not read dos header from C:\Windows\System32\RPCRT4.dll
[0307/161654.700:ERROR:process_memory_win.cc(73)] ReadMemory at 0x7fff29d10000 of 64 bytes failed: Запрос ReadProcessMemory или WriteProcessMemory был выполнен только частично. (0x12B)
[0307/161654.700:WARNING:pe_image_reader.cc(340)] could not read dos header from C:\Windows\System32\RPCRT4.dll
[0307/161654.700:ERROR:process_memory_win.cc(73)] ReadMemory at 0x7ffed68e0000 of 64 bytes failed: Запрос ReadProcessMemory или WriteProcessMemory был выполнен только частично. (0x12B)
[0307/161654.700:WARNING:pe_image_reader.cc(340)] could not read dos header from C:\Program Files (x86)\Google\Chrome\Application\80.0.3987.132\chrome.dll
[0307/161654.700:ERROR:process_memory_win.cc(73)] ReadMemory at 0x7ffed68e0000 of 64 bytes failed: Запрос ReadProcessMemory или WriteProcessMemory был выполнен только частично. (0x12B)
[0307/161654.700:WARNING:pe_image_reader.cc(340)] could not read dos header from C:\Program Files (x86)\Google\Chrome\Application\80.0.3987.132\chrome.dll
[0307/161654.700:ERROR:process_memory_win.cc(73)] ReadMemory at 0x7fff29410000 of 64 bytes failed: Запрос ReadProcessMemory или WriteProcessMemory был выполнен только частично. (0x12B)
[0307/161654.700:WARNING:pe_image_reader.cc(340)] could not read dos header from C:\Windows\System32\WS2_32.dll
[0307/161654.700:ERROR:process_memory_win.cc(73)] ReadMemory at 0x7fff29410000 of 64 bytes failed: Запрос ReadProcessMemory или WriteProcessMemory был выполнен только частично. (0x12B)
[0307/161654.700:WARNING:pe_image_reader.cc(340)] could not read dos header from C:\Windows\System32\WS2_32.dll
[0307/161654.700:ERROR:process_memory_win.cc(73)] ReadMemory at 0x7fff29e60000 of 64 bytes failed: Запрос ReadProcessMemory или WriteProcessMemory был выполнен только частично. (0x12B)
[0307/161654.700:WARNING:pe_image_reader.cc(340)] could not read dos header from C:\Windows\System32\OLEAUT32.dll
[0307/161654.701:ERROR:process_memory_win.cc(73)] ReadMemory at 0x7fff29e60000 of 64 bytes failed: Запрос ReadProcessMemory или WriteProcessMemory был выполнен только частично. (0x12B)
[0307/161654.701:WARNING:pe_image_reader.cc(340)] could not read dos header from C:\Windows\System32\OLEAUT32.dll
[0307/161654.701:ERROR:process_memory_win.cc(73)] ReadMemory at 0x7fff27d90000 of 64 bytes failed: Запрос ReadProcessMemory или WriteProcessMemory был выполнен только частично. (0x12B)
[0307/161654.701:WARNING:pe_image_reader.cc(340)] could not read dos header from C:\Windows\System32\msvcp_win.dll
[0307/161654.701:ERROR:process_memory_win.cc(73)] ReadMemory at 0x7fff27d90000 of 64 bytes failed: Запрос ReadProcessMemory или WriteProcessMemory был выполнен только частично. (0x12B)
[0307/161654.701:WARNING:pe_image_reader.cc(340)] could not read dos header from C:\Windows\System32\msvcp_win.dll
[0307/161654.701:ERROR:process_memory_win.cc(73)] ReadMemory at 0x7fff28c10000 of 64 bytes failed: Запрос ReadProcessMemory или WriteProcessMemory был выполнен только частично. (0x12B)
[0307/161654.701:WARNING:pe_image_reader.cc(340)] could not read dos header from C:\Windows\System32\ucrtbase.dll
[0307/161654.701:ERROR:process_memory_win.cc(73)] ReadMemory at 0x7fff28c10000 of 64 bytes failed: Запрос ReadProcessMemory или WriteProcessMemory был выполнен только частично. (0x12B)
[0307/161654.701:WARNING:pe_image_reader.cc(340)] could not read dos header from C:\Windows\System32\ucrtbase.dll
[0307/161654.701:ERROR:process_memory_win.cc(73)] ReadMemory at 0x7fff29f40000 of 64 bytes failed: Запрос ReadProcessMemory или WriteProcessMemory был выполнен только частично. (0x12B)
[0307/161654.701:WARNING:pe_image_reader.cc(340)] could not read dos header from C:\Windows\System32\combase.dll
[0307/161654.701:ERROR:process_memory_win.cc(73)] ReadMemory at 0x7fff29f40000 of 64 bytes failed: Запрос ReadProcessMemory или WriteProcessMemory был выполнен только частично. (0x12B)
[0307/161654.701:WARNING:pe_image_reader.cc(340)] could not read dos header from C:\Windows\System32\combase.dll
[0307/161654.701:ERROR:process_memory_win.cc(73)] ReadMemory at 0x7fff27e30000 of 64 bytes failed: Запрос ReadProcessMemory или WriteProcessMemory был выполнен только частично. (0x12B)
[0307/161654.701:WARNING:pe_image_reader.cc(340)] could not read dos header from C:\Windows\System32\WINTRUST.dll
[0307/161654.701:ERROR:process_memory_win.cc(73)] ReadMemory at 0x7fff27e30000 of 64 bytes failed: Запрос ReadProcessMemory или WriteProcessMemory был выполнен только частично. (0x12B)
[0307/161654.701:WARNING:pe_image_reader.cc(340)] could not read dos header from C:\Windows\System32\WINTRUST.dll
[0307/161654.701:ERROR:process_memory_win.cc(73)] ReadMemory at 0x7fff27b40000 of 64 bytes failed: Запрос ReadProcessMemory или WriteProcessMemory был выполнен только частично. (0x12B)
[0307/161654.701:WARNING:pe_image_reader.cc(340)] could not read dos header from C:\Windows\System32\MSASN1.dll
[0307/161654.701:ERROR:process_memory_win.cc(73)] ReadMemory at 0x7fff27b40000 of 64 bytes failed: Запрос ReadProcessMemory или WriteProcessMemory был выполнен только частично. (0x12B)
[0307/161654.701:WARNING:pe_image_reader.cc(340)] could not read dos header from C:\Windows\System32\MSASN1.dll
[0307/161654.701:ERROR:process_memory_win.cc(73)] ReadMemory at 0x7fff27bf0000 of 64 bytes failed: Запрос ReadProcessMemory или WriteProcessMemory был выполнен только частично. (0x12B)
[0307/161654.701:WARNING:pe_image_reader.cc(340)] could not read dos header from C:\Windows\System32\CRYPT32.dll
[0307/161654.701:ERROR:process_memory_win.cc(73)] ReadMemory at 0x7fff27bf0000 of 64 bytes failed: Запрос ReadProcessMemory или WriteProcessMemory был выполнен только частично. (0x12B)
[0307/161654.701:WARNING:pe_image_reader.cc(340)] could not read dos header from C:\Windows\System32\CRYPT32.dll
[0307/161654.701:ERROR:process_memory_win.cc(73)] ReadMemory at 0x7fff270b0000 of 64 bytes failed: Запрос ReadProcessMemory или WriteProcessMemory был выполнен только частично. (0x12B)
[0307/161654.701:WARNING:pe_image_reader.cc(340)] could not read dos header from C:\Windows\SYSTEM32\IPHLPAPI.DLL
[0307/161654.702:ERROR:process_memory_win.cc(73)] ReadMemory at 0x7fff270b0000 of 64 bytes failed: Запрос ReadProcessMemory или WriteProcessMemory был выполнен только частично. (0x12B)
[0307/161654.702:WARNING:pe_image_reader.cc(340)] could not read dos header from C:\Windows\SYSTEM32\IPHLPAPI.DLL
[0307/161654.702:ERROR:process_memory_win.cc(73)] ReadMemory at 0x7fff20b20000 of 64 bytes failed: Запрос ReadProcessMemory или WriteProcessMemory был выполнен только частично. (0x12B)
[0307/161654.702:WARNING:pe_image_reader.cc(340)] could not read dos header from C:\Windows\SYSTEM32\WINMM.dll
[0307/161654.702:ERROR:process_memory_win.cc(73)] ReadMemory at 0x7fff20b20000 of 64 bytes failed: Запрос ReadProcessMemory или WriteProcessMemory был выполнен только частично. (0x12B)
[0307/161654.702:WARNING:pe_image_reader.cc(340)] could not read dos header from C:\Windows\SYSTEM32\WINMM.dll
[0307/161654.702:ERROR:process_memory_win.cc(73)] ReadMemory at 0x7fff15650000 of 64 bytes failed: Запрос ReadProcessMemory или WriteProcessMemory был выполнен только частично. (0x12B)
[0307/161654.702:WARNING:pe_image_reader.cc(340)] could not read dos header from C:\Windows\SYSTEM32\Secur32.dll
[0307/161654.702:ERROR:process_memory_win.cc(73)] ReadMemory at 0x7fff15650000 of 64 bytes failed: Запрос ReadProcessMemory или WriteProcessMemory был выполнен только частично. (0x12B)
[0307/161654.702:WARNING:pe_image_reader.cc(340)] could not read dos header from C:\Windows\SYSTEM32\Secur32.dll
[0307/161654.702:ERROR:process_memory_win.cc(73)] ReadMemory at 0x7fff27a50000 of 64 bytes failed: Запрос ReadProcessMemory или WriteProcessMemory был выполнен только частично. (0x12B)
[0307/161654.702:WARNING:pe_image_reader.cc(340)] could not read dos header from C:\Windows\SYSTEM32\USERENV.dll
[0307/161654.702:ERROR:process_memory_win.cc(73)] ReadMemory at 0x7fff27a50000 of 64 bytes failed: Запрос ReadProcessMemory или WriteProcessMemory был выполнен только частично. (0x12B)
[0307/161654.702:WARNING:pe_image_reader.cc(340)] could not read dos header from C:\Windows\SYSTEM32\USERENV.dll
[0307/161654.702:ERROR:process_memory_win.cc(73)] ReadMemory at 0x7fff27b60000 of 64 bytes failed: Запрос ReadProcessMemory или WriteProcessMemory был выполнен только частично. (0x12B)
[0307/161654.702:WARNING:pe_image_reader.cc(340)] could not read dos header from C:\Windows\System32\profapi.dll
[0307/161654.702:ERROR:process_memory_win.cc(73)] ReadMemory at 0x7fff27b60000 of 64 bytes failed: Запрос ReadProcessMemory или WriteProcessMemory был выполнен только частично. (0x12B)
[0307/161654.702:WARNING:pe_image_reader.cc(340)] could not read dos header from C:\Windows\System32\profapi.dll
[0307/161654.702:ERROR:process_memory_win.cc(73)] ReadMemory at 0x7fff069b0000 of 64 bytes failed: Запрос ReadProcessMemory или WriteProcessMemory был выполнен только частично. (0x12B)
[0307/161654.702:WARNING:pe_image_reader.cc(340)] could not read dos header from C:\Windows\SYSTEM32\UIAutomationCore.DLL
[0307/161654.702:ERROR:process_memory_win.cc(73)] ReadMemory at 0x7fff069b0000 of 64 bytes failed: Запрос ReadProcessMemory или WriteProcessMemory был выполнен только частично. (0x12B)
[0307/161654.702:WARNING:pe_image_reader.cc(340)] could not read dos header from C:\Windows\SYSTEM32\UIAutomationCore.DLL
[0307/161654.702:ERROR:process_memory_win.cc(73)] ReadMemory at 0x7fff0f2e0000 of 64 bytes failed: Запрос ReadProcessMemory или WriteProcessMemory был выполнен только частично. (0x12B)
[0307/161654.702:WARNING:pe_image_reader.cc(340)] could not read dos header from C:\Windows\SYSTEM32\DWrite.dll
[0307/161654.702:ERROR:process_memory_win.cc(73)] ReadMemory at 0x7fff0f2e0000 of 64 bytes failed: Запрос ReadProcessMemory или WriteProcessMemory был выполнен только частично. (0x12B)
[0307/161654.702:WARNING:pe_image_reader.cc(340)] could not read dos header from C:\Windows\SYSTEM32\DWrite.dll
[0307/161654.702:ERROR:process_memory_win.cc(73)] ReadMemory at 0x7fff194e0000 of 64 bytes failed: Запрос ReadProcessMemory или WriteProcessMemory был выполнен только частично. (0x12B)
[0307/161654.702:WARNING:pe_image_reader.cc(340)] could not read dos header from C:\Windows\SYSTEM32\WINSPOOL.DRV
[0307/161654.702:ERROR:process_memory_win.cc(73)] ReadMemory at 0x7fff194e0000 of 64 bytes failed: Запрос ReadProcessMemory или WriteProcessMemory был выполнен только частично. (0x12B)
[0307/161654.702:WARNING:pe_image_reader.cc(340)] could not read dos header from C:\Windows\SYSTEM32\WINSPOOL.DRV
[0307/161654.702:ERROR:process_memory_win.cc(73)] ReadMemory at 0x7fff27bd0000 of 64 bytes failed: Запрос ReadProcessMemory или WriteProcessMemory был выполнен только частично. (0x12B)
[0307/161654.702:WARNING:pe_image_reader.cc(340)] could not read dos header from C:\Windows\System32\kernel.appcore.dll
[0307/161654.702:ERROR:process_memory_win.cc(73)] ReadMemory at 0x7fff27bd0000 of 64 bytes failed: Запрос ReadProcessMemory или WriteProcessMemory был выполнен только частично. (0x12B)
[0307/161654.702:WARNING:pe_image_reader.cc(340)] could not read dos header from C:\Windows\System32\kernel.appcore.dll
[0307/161654.702:ERROR:process_memory_win.cc(73)] ReadMemory at 0x7fff28110000 of 64 bytes failed: Запрос ReadProcessMemory или WriteProcessMemory был выполнен только частично. (0x12B)
[0307/161654.702:WARNING:pe_image_reader.cc(340)] could not read dos header from C:\Windows\System32\bcrypt.dll
[0307/161654.702:ERROR:process_memory_win.cc(73)] ReadMemory at 0x7fff28110000 of 64 bytes failed: Запрос ReadProcessMemory или WriteProcessMemory был выполнен только частично. (0x12B)
[0307/161654.702:WARNING:pe_image_reader.cc(340)] could not read dos header from C:\Windows\System32\bcrypt.dll
[0307/161654.702:ERROR:process_memory_win.cc(73)] ReadMemory at 0x7fff18bf0000 of 64 bytes failed: Запрос ReadProcessMemory или WriteProcessMemory был выполнен только частично. (0x12B)
[0307/161654.702:WARNING:pe_image_reader.cc(340)] could not read dos header from C:\Windows\SYSTEM32\dbghelp.dll
[0307/161654.702:ERROR:process_memory_win.cc(73)] ReadMemory at 0x7fff18bf0000 of 64 bytes failed: Запрос ReadProcessMemory или WriteProcessMemory был выполнен только частично. (0x12B)
[0307/161654.702:WARNING:pe_image_reader.cc(340)] could not read dos header from C:\Windows\SYSTEM32\dbghelp.dll
[0307/161654.703:ERROR:process_memory_win.cc(73)] ReadMemory at 0x7fff20700000 of 64 bytes failed: Запрос ReadProcessMemory или WriteProcessMemory был выполнен только частично. (0x12B)
[0307/161654.703:WARNING:pe_image_reader.cc(340)] could not read dos header from C:\Windows\SYSTEM32\WINHTTP.dll
[0307/161654.703:ERROR:process_memory_win.cc(73)] ReadMemory at 0x7fff20700000 of 64 bytes failed: Запрос ReadProcessMemory или WriteProcessMemory был выполнен только частично. (0x12B)
[0307/161654.703:WARNING:pe_image_reader.cc(340)] could not read dos header from C:\Windows\SYSTEM32\WINHTTP.dll
[0307/161654.703:ERROR:process_memory_win.cc(73)] ReadMemory at 0x7fff21840000 of 64 bytes failed: Запрос ReadProcessMemory или WriteProcessMemory был выполнен только частично. (0x12B)
[0307/161654.703:WARNING:pe_image_reader.cc(340)] could not read dos header from C:\Windows\SYSTEM32\dhcpcsvc.DLL
[0307/161654.703:ERROR:process_memory_win.cc(73)] ReadMemory at 0x7fff21840000 of 64 bytes failed: Запрос ReadProcessMemory или WriteProcessMemory был выполнен только частично. (0x12B)
[0307/161654.703:WARNING:pe_image_reader.cc(340)] could not read dos header from C:\Windows\SYSTEM32\dhcpcsvc.DLL
[0307/161654.703:ERROR:process_memory_win.cc(73)] ReadMemory at 0x7fff28d10000 of 64 bytes failed: Запрос ReadProcessMemory или WriteProcessMemory был выполнен только частично. (0x12B)
[0307/161654.703:WARNING:pe_image_reader.cc(340)] could not read dos header from C:\Windows\System32\NSI.dll
[0307/161654.703:ERROR:process_memory_win.cc(73)] ReadMemory at 0x7fff28d10000 of 64 bytes failed: Запрос ReadProcessMemory или WriteProcessMemory был выполнен только частично. (0x12B)
[0307/161654.703:WARNING:pe_image_reader.cc(340)] could not read dos header from C:\Windows\System32\NSI.dll
[0307/161654.703:ERROR:process_memory_win.cc(73)] ReadMemory at 0x7fff20af0000 of 64 bytes failed: Запрос ReadProcessMemory или WriteProcessMemory был выполнен только частично. (0x12B)
[0307/161654.703:WARNING:pe_image_reader.cc(340)] could not read dos header from C:\Windows\SYSTEM32\WINMMBASE.dll
[0307/161654.703:ERROR:process_memory_win.cc(73)] ReadMemory at 0x7fff20af0000 of 64 bytes failed: Запрос ReadProcessMemory или WriteProcessMemory был выполнен только частично. (0x12B)
[0307/161654.703:WARNING:pe_image_reader.cc(340)] could not read dos header from C:\Windows\SYSTEM32\WINMMBASE.dll
[0307/161654.703:ERROR:process_memory_win.cc(73)] ReadMemory at 0x7fff27d40000 of 64 bytes failed: Запрос ReadProcessMemory или WriteProcessMemory был выполнен только частично. (0x12B)
[0307/161654.703:WARNING:pe_image_reader.cc(340)] could not read dos header from C:\Windows\System32\cfgmgr32.dll
[0307/161654.703:ERROR:process_memory_win.cc(73)] ReadMemory at 0x7fff27d40000 of 64 bytes failed: Запрос ReadProcessMemory или WriteProcessMemory был выполнен только частично. (0x12B)
[0307/161654.703:WARNING:pe_image_reader.cc(340)] could not read dos header from C:\Windows\System32\cfgmgr32.dll
[0307/161654.703:ERROR:process_memory_win.cc(73)] ReadMemory at 0x7fff23f60000 of 64 bytes failed: Запрос ReadProcessMemory или WriteProcessMemory был выполнен только частично. (0x12B)
[0307/161654.703:WARNING:pe_image_reader.cc(340)] could not read dos header from C:\Windows\SYSTEM32\PROPSYS.dll
[0307/161654.703:ERROR:process_memory_win.cc(73)] ReadMemory at 0x7fff23f60000 of 64 bytes failed: Запрос ReadProcessMemory или WriteProcessMemory был выполнен только частично. (0x12B)
[0307/161654.703:WARNING:pe_image_reader.cc(340)] could not read dos header from C:\Windows\SYSTEM32\PROPSYS.dll
[0307/161654.703:ERROR:process_memory_win.cc(73)] ReadMemory at 0x7fff2a8b0000 of 64 bytes failed: Запрос ReadProcessMemory или WriteProcessMemory был выполнен только частично. (0x12B)
[0307/161654.703:WARNING:pe_image_reader.cc(340)] could not read dos header from C:\Windows\System32\shcore.dll
[0307/161654.703:ERROR:process_memory_win.cc(73)] ReadMemory at 0x7fff2a8b0000 of 64 bytes failed: Запрос ReadProcessMemory или WriteProcessMemory был выполнен только частично. (0x12B)
[0307/161654.703:WARNING:pe_image_reader.cc(340)] could not read dos header from C:\Windows\System32\shcore.dll
[0307/161654.703:ERROR:process_memory_win.cc(73)] ReadMemory at 0x7fff27a20000 of 64 bytes failed: Запрос ReadProcessMemory или WriteProcessMemory был выполнен только частично. (0x12B)
[0307/161654.703:WARNING:pe_image_reader.cc(340)] could not read dos header from C:\Windows\SYSTEM32\SSPICLI.DLL
[0307/161654.703:ERROR:process_memory_win.cc(73)] ReadMemory at 0x7fff27a20000 of 64 bytes failed: Запрос ReadProcessMemory или WriteProcessMemory был выполнен только частично. (0x12B)
[0307/161654.703:WARNING:pe_image_reader.cc(340)] could not read dos header from C:\Windows\SYSTEM32\SSPICLI.DLL
[0307/161654.703:ERROR:process_memory_win.cc(73)] ReadMemory at 0x7fff27570000 of 64 bytes failed: Запрос ReadProcessMemory или WriteProcessMemory был выполнен только частично. (0x12B)
[0307/161654.703:WARNING:pe_image_reader.cc(340)] could not read dos header from C:\Windows\SYSTEM32\CRYPTBASE.DLL
[0307/161654.703:ERROR:process_memory_win.cc(73)] ReadMemory at 0x7fff27570000 of 64 bytes failed: Запрос ReadProcessMemory или WriteProcessMemory был выполнен только частично. (0x12B)
[0307/161654.703:WARNING:pe_image_reader.cc(340)] could not read dos header from C:\Windows\SYSTEM32\CRYPTBASE.DLL
[0307/161654.738:ERROR:process_memory_win.cc(73)] ReadMemory at 0x7ff751090000 of 64 bytes failed: Запрос ReadProcessMemory или WriteProcessMemory был выполнен только частично. (0x12B)
[0307/161654.738:WARNING:pe_image_reader.cc(340)] could not read dos header from C:\Program Files (x86)\Google\Chrome\Application\chrome.exe
[0307/161654.738:ERROR:process_memory_win.cc(73)] ReadMemory at 0x7fff2ac60000 of 64 bytes failed: Запрос ReadProcessMemory или WriteProcessMemory был выполнен только частично. (0x12B)
[0307/161654.738:WARNING:pe_image_reader.cc(340)] could not read dos header from C:\Windows\SYSTEM32\ntdll.dll
[0307/161654.738:ERROR:process_memory_win.cc(73)] ReadMemory at 0x7fff29c20000 of 64 bytes failed: Запрос ReadProcessMemory или WriteProcessMemory был выполнен только частично. (0x12B)
[0307/161654.738:WARNING:pe_image_reader.cc(340)] could not read dos header from C:\Windows\System32\KERNEL32.DLL
[0307/161654.738:ERROR:process_memory_win.cc(73)] ReadMemory at 0x7fff28140000 of 64 bytes failed: Запрос ReadProcessMemory или WriteProcessMemory был выполнен только частично. (0x12B)
[0307/161654.738:WARNING:pe_image_reader.cc(340)] could not read dos header from C:\Windows\System32\KERNELBASE.dll
[0307/161654.738:ERROR:process_memory_win.cc(73)] ReadMemory at 0x7fff0bd90000 of 64 bytes failed: Запрос ReadProcessMemory или WriteProcessMemory был выполнен только частично. (0x12B)
[0307/161654.738:WARNING:pe_image_reader.cc(340)] could not read dos header from C:\Program Files (x86)\Google\Chrome\Application\80.0.3987.132\chrome_elf.dll
[0307/161654.738:ERROR:process_memory_win.cc(73)] ReadMemory at 0x7fff228c0000 of 64 bytes failed: Запрос ReadProcessMemory или WriteProcessMemory был выполнен только частично. (0x12B)
[0307/161654.738:WARNING:pe_image_reader.cc(340)] could not read dos header from C:\Windows\SYSTEM32\VERSION.dll
[0307/161654.738:ERROR:process_memory_win.cc(73)] ReadMemory at 0x7fff29b70000 of 64 bytes failed: Запрос ReadProcessMemory или WriteProcessMemory был выполнен только частично. (0x12B)
[0307/161654.738:WARNING:pe_image_reader.cc(340)] could not read dos header from C:\Windows\System32\msvcrt.dll
[0307/161654.738:ERROR:process_memory_win.cc(73)] ReadMemory at 0x7fff28b90000 of 64 bytes failed: Запрос ReadProcessMemory или WriteProcessMemory был выполнен только частично. (0x12B)
[0307/161654.738:WARNING:pe_image_reader.cc(340)] could not read dos header from C:\Windows\System32\bcryptPrimitives.dll
[0307/161654.739:ERROR:process_memory_win.cc(73)] ReadMemory at 0x7fff2ab70000 of 64 bytes failed: Запрос ReadProcessMemory или WriteProcessMemory был выполнен только частично. (0x12B)
[0307/161654.739:WARNING:pe_image_reader.cc(340)] could not read dos header from C:\Windows\System32\ADVAPI32.dll
[0307/161654.739:ERROR:process_memory_win.cc(73)] ReadMemory at 0x7fff2a610000 of 64 bytes failed: Запрос ReadProcessMemory или WriteProcessMemory был выполнен только частично. (0x12B)
[0307/161654.739:WARNING:pe_image_reader.cc(340)] could not read dos header from C:\Windows\System32\sechost.dll
[0307/161654.739:ERROR:process_memory_win.cc(73)] ReadMemory at 0x7fff29d10000 of 64 bytes failed: Запрос ReadProcessMemory или WriteProcessMemory был выполнен только частично. (0x12B)
[0307/161654.739:WARNING:pe_image_reader.cc(340)] could not read dos header from C:\Windows\System32\RPCRT4.dll
[0307/161654.739:ERROR:process_memory_win.cc(73)] ReadMemory at 0x7ffed68e0000 of 64 bytes failed: Запрос ReadProcessMemory или WriteProcessMemory был выполнен только частично. (0x12B)
[0307/161654.739:WARNING:pe_image_reader.cc(340)] could not read dos header from C:\Program Files (x86)\Google\Chrome\Application\80.0.3987.132\chrome.dll
[0307/161654.739:ERROR:process_memory_win.cc(73)] ReadMemory at 0x7fff29410000 of 64 bytes failed: Запрос ReadProcessMemory или WriteProcessMemory был выполнен только частично. (0x12B)
[0307/161654.739:WARNING:pe_image_reader.cc(340)] could not read dos header from C:\Windows\System32\WS2_32.dll
[0307/161654.739:ERROR:process_memory_win.cc(73)] ReadMemory at 0x7fff29e60000 of 64 bytes failed: Запрос ReadProcessMemory или WriteProcessMemory был выполнен только частично. (0x12B)
[0307/161654.739:WARNING:pe_image_reader.cc(340)] could not read dos header from C:\Windows\System32\OLEAUT32.dll
[0307/161654.739:ERROR:process_memory_win.cc(73)] ReadMemory at 0x7fff27d90000 of 64 bytes failed: Запрос ReadProcessMemory или WriteProcessMemory был выполнен только частично. (0x12B)
[0307/161654.739:WARNING:pe_image_reader.cc(340)] could not read dos header from C:\Windows\System32\msvcp_win.dll
[0307/161654.739:ERROR:process_memory_win.cc(73)] ReadMemory at 0x7fff28c10000 of 64 bytes failed: Запрос ReadProcessMemory или WriteProcessMemory был выполнен только частично. (0x12B)
[0307/161654.739:WARNING:pe_image_reader.cc(340)] could not read dos header from C:\Windows\System32\ucrtbase.dll
[0307/161654.739:ERROR:process_memory_win.cc(73)] ReadMemory at 0x7fff29f40000 of 64 bytes failed: Запрос ReadProcessMemory или WriteProcessMemory был выполнен только частично. (0x12B)
[0307/161654.739:WARNING:pe_image_reader.cc(340)] could not read dos header from C:\Windows\System32\combase.dll
[0307/161654.739:ERROR:process_memory_win.cc(73)] ReadMemory at 0x7fff27e30000 of 64 bytes failed: Запрос ReadProcessMemory или WriteProcessMemory был выполнен только частично. (0x12B)
[0307/161654.739:WARNING:pe_image_reader.cc(340)] could not read dos header from C:\Windows\System32\WINTRUST.dll
[0307/161654.739:ERROR:process_memory_win.cc(73)] ReadMemory at 0x7fff27b40000 of 64 bytes failed: Запрос ReadProcessMemory или WriteProcessMemory был выполнен только частично. (0x12B)
[0307/161654.739:WARNING:pe_image_reader.cc(340)] could not read dos header from C:\Windows\System32\MSASN1.dll
[0307/161654.739:ERROR:process_memory_win.cc(73)] ReadMemory at 0x7fff27bf0000 of 64 bytes failed: Запрос ReadProcessMemory или WriteProcessMemory был выполнен только частично. (0x12B)
[0307/161654.739:WARNING:pe_image_reader.cc(340)] could not read dos header from C:\Windows\System32\CRYPT32.dll
[0307/161654.739:ERROR:process_memory_win.cc(73)] ReadMemory at 0x7fff270b0000 of 64 bytes failed: Запрос ReadProcessMemory или WriteProcessMemory был выполнен только частично. (0x12B)
[0307/161654.739:WARNING:pe_image_reader.cc(340)] could not read dos header from C:\Windows\SYSTEM32\IPHLPAPI.DLL
[0307/161654.739:ERROR:process_memory_win.cc(73)] ReadMemory at 0x7fff20b20000 of 64 bytes failed: Запрос ReadProcessMemory или WriteProcessMemory был выполнен только частично. (0x12B)
[0307/161654.739:WARNING:pe_image_reader.cc(340)] could not read dos header from C:\Windows\SYSTEM32\WINMM.dll
[0307/161654.739:ERROR:process_memory_win.cc(73)] ReadMemory at 0x7fff15650000 of 64 bytes failed: Запрос ReadProcessMemory или WriteProcessMemory был выполнен только частично. (0x12B)
[0307/161654.739:WARNING:pe_image_reader.cc(340)] could not read dos header from C:\Windows\SYSTEM32\Secur32.dll
[0307/161654.739:ERROR:process_memory_win.cc(73)] ReadMemory at 0x7fff27a50000 of 64 bytes failed: Запрос ReadProcessMemory или WriteProcessMemory был выполнен только частично. (0x12B)
[0307/161654.739:WARNING:pe_image_reader.cc(340)] could not read dos header from C:\Windows\SYSTEM32\USERENV.dll
[0307/161654.739:ERROR:process_memory_win.cc(73)] ReadMemory at 0x7fff27b60000 of 64 bytes failed: Запрос ReadProcessMemory или WriteProcessMemory был выполнен только частично. (0x12B)
[0307/161654.739:WARNING:pe_image_reader.cc(340)] could not read dos header from C:\Windows\System32\profapi.dll
[0307/161654.739:ERROR:process_memory_win.cc(73)] ReadMemory at 0x7fff069b0000 of 64 bytes failed: Запрос ReadProcessMemory или WriteProcessMemory был выполнен только частично. (0x12B)
[0307/161654.739:WARNING:pe_image_reader.cc(340)] could not read dos header from C:\Windows\SYSTEM32\UIAutomationCore.DLL
[0307/161654.739:ERROR:process_memory_win.cc(73)] ReadMemory at 0x7fff0f2e0000 of 64 bytes failed: Запрос ReadProcessMemory или WriteProcessMemory был выполнен только частично. (0x12B)
[0307/161654.739:WARNING:pe_image_reader.cc(340)] could not read dos header from C:\Windows\SYSTEM32\DWrite.dll
[0307/161654.739:ERROR:process_memory_win.cc(73)] ReadMemory at 0x7fff194e0000 of 64 bytes failed: Запрос ReadProcessMemory или WriteProcessMemory был выполнен только частично. (0x12B)
[0307/161654.739:WARNING:pe_image_reader.cc(340)] could not read dos header from C:\Windows\SYSTEM32\WINSPOOL.DRV
[0307/161654.739:ERROR:process_memory_win.cc(73)] ReadMemory at 0x7fff27bd0000 of 64 bytes failed: Запрос ReadProcessMemory или WriteProcessMemory был выполнен только частично. (0x12B)
[0307/161654.739:WARNING:pe_image_reader.cc(340)] could not read dos header from C:\Windows\System32\kernel.appcore.dll
[0307/161654.740:ERROR:process_memory_win.cc(73)] ReadMemory at 0x7fff28110000 of 64 bytes failed: Запрос ReadProcessMemory или WriteProcessMemory был выполнен только частично. (0x12B)
[0307/161654.740:WARNING:pe_image_reader.cc(340)] could not read dos header from C:\Windows\System32\bcrypt.dll
[0307/161654.740:ERROR:process_memory_win.cc(73)] ReadMemory at 0x7fff18bf0000 of 64 bytes failed: Запрос ReadProcessMemory или WriteProcessMemory был выполнен только частично. (0x12B)
[0307/161654.740:WARNING:pe_image_reader.cc(340)] could not read dos header from C:\Windows\SYSTEM32\dbghelp.dll
[0307/161654.740:ERROR:process_memory_win.cc(73)] ReadMemory at 0x7fff20700000 of 64 bytes failed: Запрос ReadProcessMemory или WriteProcessMemory был выполнен только частично. (0x12B)
[0307/161654.740:WARNING:pe_image_reader.cc(340)] could not read dos header from C:\Windows\SYSTEM32\WINHTTP.dll
[0307/161654.740:ERROR:process_memory_win.cc(73)] ReadMemory at 0x7fff21840000 of 64 bytes failed: Запрос ReadProcessMemory или WriteProcessMemory был выполнен только частично. (0x12B)
[0307/161654.740:WARNING:pe_image_reader.cc(340)] could not read dos header from C:\Windows\SYSTEM32\dhcpcsvc.DLL
[0307/161654.740:ERROR:process_memory_win.cc(73)] ReadMemory at 0x7fff28d10000 of 64 bytes failed: Запрос ReadProcessMemory или WriteProcessMemory был выполнен только частично. (0x12B)
[0307/161654.740:WARNING:pe_image_reader.cc(340)] could not read dos header from C:\Windows\System32\NSI.dll
[0307/161654.740:ERROR:process_memory_win.cc(73)] ReadMemory at 0x7fff20af0000 of 64 bytes failed: Запрос ReadProcessMemory или WriteProcessMemory был выполнен только частично. (0x12B)
[0307/161654.740:WARNING:pe_image_reader.cc(340)] could not read dos header from C:\Windows\SYSTEM32\WINMMBASE.dll
[0307/161654.740:ERROR:process_memory_win.cc(73)] ReadMemory at 0x7fff27d40000 of 64 bytes failed: Запрос ReadProcessMemory или WriteProcessMemory был выполнен только частично. (0x12B)
[0307/161654.740:WARNING:pe_image_reader.cc(340)] could not read dos header from C:\Windows\System32\cfgmgr32.dll
[0307/161654.740:ERROR:process_memory_win.cc(73)] ReadMemory at 0x7fff23f60000 of 64 bytes failed: Запрос ReadProcessMemory или WriteProcessMemory был выполнен только частично. (0x12B)
[0307/161654.740:WARNING:pe_image_reader.cc(340)] could not read dos header from C:\Windows\SYSTEM32\PROPSYS.dll
[0307/161654.740:ERROR:process_memory_win.cc(73)] ReadMemory at 0x7fff2a8b0000 of 64 bytes failed: Запрос ReadProcessMemory или WriteProcessMemory был выполнен только частично. (0x12B)
[0307/161654.740:WARNING:pe_image_reader.cc(340)] could not read dos header from C:\Windows\System32\shcore.dll
[0307/161654.740:ERROR:process_memory_win.cc(73)] ReadMemory at 0x7fff27a20000 of 64 bytes failed: Запрос ReadProcessMemory или WriteProcessMemory был выполнен только частично. (0x12B)
[0307/161654.740:WARNING:pe_image_reader.cc(340)] could not read dos header from C:\Windows\SYSTEM32\SSPICLI.DLL
[0307/161654.740:ERROR:process_memory_win.cc(73)] ReadMemory at 0x7fff27570000 of 64 bytes failed: Запрос ReadProcessMemory или WriteProcessMemory был выполнен только частично. (0x12B)
[0307/161654.740:WARNING:pe_image_reader.cc(340)] could not read dos header from C:\Windows\SYSTEM32\CRYPTBASE.DLL
[0307/161654.740:ERROR:process_memory_win.cc(73)] ReadMemory at 0x7ff751090000 of 64 bytes failed: Запрос ReadProcessMemory или WriteProcessMemory был выполнен только частично. (0x12B)
[0307/161654.740:WARNING:pe_image_reader.cc(340)] could not read dos header from C:\Program Files (x86)\Google\Chrome\Application\chrome.exe
[0307/161654.741:ERROR:process_memory_win.cc(73)] ReadMemory at 0x7fff2ac60000 of 64 bytes failed: Запрос ReadProcessMemory или WriteProcessMemory был выполнен только частично. (0x12B)
[0307/161654.741:WARNING:pe_image_reader.cc(340)] could not read dos header from C:\Windows\SYSTEM32\ntdll.dll
[0307/161654.741:ERROR:process_memory_win.cc(73)] ReadMemory at 0x7fff29c20000 of 64 bytes failed: Запрос ReadProcessMemory или WriteProcessMemory был выполнен только частично. (0x12B)
[0307/161654.741:WARNING:pe_image_reader.cc(340)] could not read dos header from C:\Windows\System32\KERNEL32.DLL
[0307/161654.741:ERROR:process_memory_win.cc(73)] ReadMemory at 0x7fff28140000 of 64 bytes failed: Запрос ReadProcessMemory или WriteProcessMemory был выполнен только частично. (0x12B)
[0307/161654.741:WARNING:pe_image_reader.cc(340)] could not read dos header from C:\Windows\System32\KERNELBASE.dll
[0307/161654.741:ERROR:process_memory_win.cc(73)] ReadMemory at 0x7fff0bd90000 of 64 bytes failed: Запрос ReadProcessMemory или WriteProcessMemory был выполнен только частично. (0x12B)
[0307/161654.741:WARNING:pe_image_reader.cc(340)] could not read dos header from C:\Program Files (x86)\Google\Chrome\Application\80.0.3987.132\chrome_elf.dll
[0307/161654.741:ERROR:process_memory_win.cc(73)] ReadMemory at 0x7fff228c0000 of 64 bytes failed: Запрос ReadProcessMemory или WriteProcessMemory был выполнен только частично. (0x12B)
[0307/161654.741:WARNING:pe_image_reader.cc(340)] could not read dos header from C:\Windows\SYSTEM32\VERSION.dll
[0307/161654.741:ERROR:process_memory_win.cc(73)] ReadMemory at 0x7fff29b70000 of 64 bytes failed: Запрос ReadProcessMemory или WriteProcessMemory был выполнен только частично. (0x12B)
[0307/161654.741:WARNING:pe_image_reader.cc(340)] could not read dos header from C:\Windows\System32\msvcrt.dll
[0307/161654.741:ERROR:process_memory_win.cc(73)] ReadMemory at 0x7fff28b90000 of 64 bytes failed: Запрос ReadProcessMemory или WriteProcessMemory был выполнен только частично. (0x12B)
[0307/161654.741:WARNING:pe_image_reader.cc(340)] could not read dos header from C:\Windows\System32\bcryptPrimitives.dll
[0307/161654.741:ERROR:process_memory_win.cc(73)] ReadMemory at 0x7fff2ab70000 of 64 bytes failed: Запрос ReadProcessMemory или WriteProcessMemory был выполнен только частично. (0x12B)
[0307/161654.741:WARNING:pe_image_reader.cc(340)] could not read dos header from C:\Windows\System32\ADVAPI32.dll
[0307/161654.741:ERROR:process_memory_win.cc(73)] ReadMemory at 0x7fff2a610000 of 64 bytes failed: Запрос ReadProcessMemory или WriteProcessMemory был выполнен только частично. (0x12B)
[0307/161654.741:WARNING:pe_image_reader.cc(340)] could not read dos header from C:\Windows\System32\sechost.dll
[0307/161654.741:ERROR:process_memory_win.cc(73)] ReadMemory at 0x7fff29d10000 of 64 bytes failed: Запрос ReadProcessMemory или WriteProcessMemory был выполнен только частично. (0x12B)
[0307/161654.741:WARNING:pe_image_reader.cc(340)] could not read dos header from C:\Windows\System32\RPCRT4.dll
[0307/161654.741:ERROR:process_memory_win.cc(73)] ReadMemory at 0x7ffed68e0000 of 64 bytes failed: Запрос ReadProcessMemory или WriteProcessMemory был выполнен только частично. (0x12B)
[0307/161654.741:WARNING:pe_image_reader.cc(340)] could not read dos header from C:\Program Files (x86)\Google\Chrome\Application\80.0.3987.132\chrome.dll
[0307/161654.741:ERROR:process_memory_win.cc(73)] ReadMemory at 0x7fff29410000 of 64 bytes failed: Запрос ReadProcessMemory или WriteProcessMemory был выполнен только частично. (0x12B)
[0307/161654.741:WARNING:pe_image_reader.cc(340)] could not read dos header from C:\Windows\System32\WS2_32.dll
[0307/161654.741:ERROR:process_memory_win.cc(73)] ReadMemory at 0x7fff29e60000 of 64 bytes failed: Запрос ReadProcessMemory или WriteProcessMemory был выполнен только частично. (0x12B)
[0307/161654.741:WARNING:pe_image_reader.cc(340)] could not read dos header from C:\Windows\System32\OLEAUT32.dll
[0307/161654.741:ERROR:process_memory_win.cc(73)] ReadMemory at 0x7fff27d90000 of 64 bytes failed: Запрос ReadProcessMemory или WriteProcessMemory был выполнен только частично. (0x12B)
[0307/161654.741:WARNING:pe_image_reader.cc(340)] could not read dos header from C:\Windows\System32\msvcp_win.dll
[0307/161654.742:ERROR:process_memory_win.cc(73)] ReadMemory at 0x7fff28c10000 of 64 bytes failed: Запрос ReadProcessMemory или WriteProcessMemory был выполнен только частично. (0x12B)
[0307/161654.742:WARNING:pe_image_reader.cc(340)] could not read dos header from C:\Windows\System32\ucrtbase.dll
[0307/161654.742:ERROR:process_memory_win.cc(73)] ReadMemory at 0x7fff29f40000 of 64 bytes failed: Запрос ReadProcessMemory или WriteProcessMemory был выполнен только частично. (0x12B)
[0307/161654.742:WARNING:pe_image_reader.cc(340)] could not read dos header from C:\Windows\System32\combase.dll
[0307/161654.742:ERROR:process_memory_win.cc(73)] ReadMemory at 0x7fff27e30000 of 64 bytes failed: Запрос ReadProcessMemory или WriteProcessMemory был выполнен только частично. (0x12B)
[0307/161654.742:WARNING:pe_image_reader.cc(340)] could not read dos header from C:\Windows\System32\WINTRUST.dll
[0307/161654.742:ERROR:process_memory_win.cc(73)] ReadMemory at 0x7fff27b40000 of 64 bytes failed: Запрос ReadProcessMemory или WriteProcessMemory был выполнен только частично. (0x12B)
[0307/161654.742:WARNING:pe_image_reader.cc(340)] could not read dos header from C:\Windows\System32\MSASN1.dll
[0307/161654.742:ERROR:process_memory_win.cc(73)] ReadMemory at 0x7fff27bf0000 of 64 bytes failed: Запрос ReadProcessMemory или WriteProcessMemory был выполнен только частично. (0x12B)
[0307/161654.742:WARNING:pe_image_reader.cc(340)] could not read dos header from C:\Windows\System32\CRYPT32.dll
[0307/161654.742:ERROR:process_memory_win.cc(73)] ReadMemory at 0x7fff270b0000 of 64 bytes failed: Запрос ReadProcessMemory или WriteProcessMemory был выполнен только частично. (0x12B)
[0307/161654.742:WARNING:pe_image_reader.cc(340)] could not read dos header from C:\Windows\SYSTEM32\IPHLPAPI.DLL
[0307/161654.742:ERROR:process_memory_win.cc(73)] ReadMemory at 0x7fff20b20000 of 64 bytes failed: Запрос ReadProcessMemory или WriteProcessMemory был выполнен только частично. (0x12B)
[0307/161654.742:WARNING:pe_image_reader.cc(340)] could not read dos header from C:\Windows\SYSTEM32\WINMM.dll
[0307/161654.742:ERROR:process_memory_win.cc(73)] ReadMemory at 0x7fff15650000 of 64 bytes failed: Запрос ReadProcessMemory или WriteProcessMemory был выполнен только частично. (0x12B)
[0307/161654.742:WARNING:pe_image_reader.cc(340)] could not read dos header from C:\Windows\SYSTEM32\Secur32.dll
[0307/161654.742:ERROR:process_memory_win.cc(73)] ReadMemory at 0x7fff27a50000 of 64 bytes failed: Запрос ReadProcessMemory или WriteProcessMemory был выполнен только частично. (0x12B)
[0307/161654.742:WARNING:pe_image_reader.cc(340)] could not read dos header from C:\Windows\SYSTEM32\USERENV.dll
[0307/161654.742:ERROR:process_memory_win.cc(73)] ReadMemory at 0x7fff27b60000 of 64 bytes failed: Запрос ReadProcessMemory или WriteProcessMemory был выполнен только частично. (0x12B)
[0307/161654.742:WARNING:pe_image_reader.cc(340)] could not read dos header from C:\Windows\System32\profapi.dll
[0307/161654.742:ERROR:process_memory_win.cc(73)] ReadMemory at 0x7fff069b0000 of 64 bytes failed: Запрос ReadProcessMemory или WriteProcessMemory был выполнен только частично. (0x12B)
[0307/161654.742:WARNING:pe_image_reader.cc(340)] could not read dos header from C:\Windows\SYSTEM32\UIAutomationCore.DLL
[0307/161654.742:ERROR:process_memory_win.cc(73)] ReadMemory at 0x7fff0f2e0000 of 64 bytes failed: Запрос ReadProcessMemory или WriteProcessMemory был выполнен только частично. (0x12B)
[0307/161654.742:WARNING:pe_image_reader.cc(340)] could not read dos header from C:\Windows\SYSTEM32\DWrite.dll
[0307/161654.742:ERROR:process_memory_win.cc(73)] ReadMemory at 0x7fff194e0000 of 64 bytes failed: Запрос ReadProcessMemory или WriteProcessMemory был выполнен только частично. (0x12B)
[0307/161654.742:WARNING:pe_image_reader.cc(340)] could not read dos header from C:\Windows\SYSTEM32\WINSPOOL.DRV
[0307/161654.742:ERROR:process_memory_win.cc(73)] ReadMemory at 0x7fff27bd0000 of 64 bytes failed: Запрос ReadProcessMemory или WriteProcessMemory был выполнен только частично. (0x12B)
[0307/161654.742:WARNING:pe_image_reader.cc(340)] could not read dos header from C:\Windows\System32\kernel.appcore.dll
[0307/161654.742:ERROR:process_memory_win.cc(73)] ReadMemory at 0x7fff28110000 of 64 bytes failed: Запрос ReadProcessMemory или WriteProcessMemory был выполнен только частично. (0x12B)
[0307/161654.742:WARNING:pe_image_reader.cc(340)] could not read dos header from C:\Windows\System32\bcrypt.dll
[0307/161654.742:ERROR:process_memory_win.cc(73)] ReadMemory at 0x7fff18bf0000 of 64 bytes failed: Запрос ReadProcessMemory или WriteProcessMemory был выполнен только частично. (0x12B)
[0307/161654.742:WARNING:pe_image_reader.cc(340)] could not read dos header from C:\Windows\SYSTEM32\dbghelp.dll
[0307/161654.742:ERROR:process_memory_win.cc(73)] ReadMemory at 0x7fff20700000 of 64 bytes failed: Запрос ReadProcessMemory или WriteProcessMemory был выполнен только частично. (0x12B)
[0307/161654.742:WARNING:pe_image_reader.cc(340)] could not read dos header from C:\Windows\SYSTEM32\WINHTTP.dll
[0307/161654.742:ERROR:process_memory_win.cc(73)] ReadMemory at 0x7fff21840000 of 64 bytes failed: Запрос ReadProcessMemory или WriteProcessMemory был выполнен только частично. (0x12B)
[0307/161654.743:WARNING:pe_image_reader.cc(340)] could not read dos header from C:\Windows\SYSTEM32\dhcpcsvc.DLL
[0307/161654.743:ERROR:process_memory_win.cc(73)] ReadMemory at 0x7fff28d10000 of 64 bytes failed: Запрос ReadProcessMemory или WriteProcessMemory был выполнен только частично. (0x12B)
[0307/161654.743:WARNING:pe_image_reader.cc(340)] could not read dos header from C:\Windows\System32\NSI.dll
[0307/161654.743:ERROR:process_memory_win.cc(73)] ReadMemory at 0x7fff20af0000 of 64 bytes failed: Запрос ReadProcessMemory или WriteProcessMemory был выполнен только частично. (0x12B)
[0307/161654.743:WARNING:pe_image_reader.cc(340)] could not read dos header from C:\Windows\SYSTEM32\WINMMBASE.dll
[0307/161654.743:ERROR:process_memory_win.cc(73)] ReadMemory at 0x7fff27d40000 of 64 bytes failed: Запрос ReadProcessMemory или WriteProcessMemory был выполнен только частично. (0x12B)
[0307/161654.743:WARNING:pe_image_reader.cc(340)] could not read dos header from C:\Windows\System32\cfgmgr32.dll
[0307/161654.743:ERROR:process_memory_win.cc(73)] ReadMemory at 0x7fff23f60000 of 64 bytes failed: Запрос ReadProcessMemory или WriteProcessMemory был выполнен только частично. (0x12B)
[0307/161654.743:WARNING:pe_image_reader.cc(340)] could not read dos header from C:\Windows\SYSTEM32\PROPSYS.dll
[0307/161654.743:ERROR:process_memory_win.cc(73)] ReadMemory at 0x7fff2a8b0000 of 64 bytes failed: Запрос ReadProcessMemory или WriteProcessMemory был выполнен только частично. (0x12B)
[0307/161654.743:WARNING:pe_image_reader.cc(340)] could not read dos header from C:\Windows\System32\shcore.dll
[0307/161654.743:ERROR:process_memory_win.cc(73)] ReadMemory at 0x7fff27a20000 of 64 bytes failed: Запрос ReadProcessMemory или WriteProcessMemory был выполнен только частично. (0x12B)
[0307/161654.743:WARNING:pe_image_reader.cc(340)] could not read dos header from C:\Windows\SYSTEM32\SSPICLI.DLL
[0307/161654.743:ERROR:process_memory_win.cc(73)] ReadMemory at 0x7fff27570000 of 64 bytes failed: Запрос ReadProcessMemory или WriteProcessMemory был выполнен только частично. (0x12B)
[0307/161654.743:WARNING:pe_image_reader.cc(340)] could not read dos header from C:\Windows\SYSTEM32\CRYPTBASE.DLL
[0307/161654.748:ERROR:process_memory_win.cc(73)] ReadMemory at 0x1a6e1f7000 of 36864 bytes failed: Запрос ReadProcessMemory или WriteProcessMemory был выполнен только частично. (0x12B)
[0307/161654.748:ERROR:process_memory_win.cc(73)] ReadMemory at 0x1a6e9fd000 of 12288 bytes failed: Запрос ReadProcessMemory или WriteProcessMemory был выполнен только частично. (0x12B)
[0307/161654.748:ERROR:process_memory_win.cc(73)] ReadMemory at 0x1a6f1fc000 of 16384 bytes failed: Запрос ReadProcessMemory или WriteProcessMemory был выполнен только частично. (0x12B)
[0307/161654.748:ERROR:process_memory_win.cc(73)] ReadMemory at 0x1a6f9fc000 of 16384 bytes failed: Запрос ReadProcessMemory или WriteProcessMemory был выполнен только частично. (0x12B)
[0307/161654.748:ERROR:process_memory_win.cc(73)] ReadMemory at 0x1a701fc000 of 16384 bytes failed: Запрос ReadProcessMemory или WriteProcessMemory был выполнен только частично. (0x12B)
[0307/161654.748:ERROR:process_memory_win.cc(73)] ReadMemory at 0x1a709ff000 of 4096 bytes failed: Запрос ReadProcessMemory или WriteProcessMemory был выполнен только частично. (0x12B)
[0307/161654.748:ERROR:process_memory_win.cc(73)] ReadMemory at 0x1a711fd000 of 12288 bytes failed: Запрос ReadProcessMemory или WriteProcessMemory был выполнен только частично. (0x12B)
[0307/161654.748:ERROR:process_memory_win.cc(73)] ReadMemory at 0x1a719fb000 of 20480 bytes failed: Запрос ReadProcessMemory или WriteProcessMemory был выполнен только частично. (0x12B)
[0307/161654.749:ERROR:process_memory_win.cc(73)] ReadMemory at 0x1a721fd000 of 12288 bytes failed: Запрос ReadProcessMemory или WriteProcessMemory был выполнен только частично. (0x12B)
[0307/161654.749:ERROR:process_memory_win.cc(73)] ReadMemory at 0x1a729fd000 of 12288 bytes failed: Запрос ReadProcessMemory или WriteProcessMemory был выполнен только частично. (0x12B)
[0307/161654.749:ERROR:process_memory_win.cc(73)] ReadMemory at 0x1a731fd000 of 12288 bytes failed: Запрос ReadProcessMemory или WriteProcessMemory был выполнен только частично. (0x12B)
[0307/161654.749:ERROR:process_memory_win.cc(73)] ReadMemory at 0x1a739fd000 of 12288 bytes failed: Запрос ReadProcessMemory или WriteProcessMemory был выполнен только частично. (0x12B)
[0307/161654.749:ERROR:process_memory_win.cc(73)] ReadMemory at 0x1a741fd000 of 12288 bytes failed: Запрос ReadProcessMemory или WriteProcessMemory был выполнен только частично. (0x12B)
[0307/161654.749:ERROR:process_memory_win.cc(73)] ReadMemory at 0x1a749fd000 of 12288 bytes failed: Запрос ReadProcessMemory или WriteProcessMemory был выполнен только частично. (0x12B)
[0307/161654.749:ERROR:process_memory_win.cc(73)] ReadMemory at 0x1a751fd000 of 12288 bytes failed: Запрос ReadProcessMemory или WriteProcessMemory был выполнен только частично. (0x12B)
[0307/161654.749:ERROR:process_memory_win.cc(73)] ReadMemory at 0x1a759fd000 of 12288 bytes failed: Запрос ReadProcessMemory или WriteProcessMemory был выполнен только частично. (0x12B)
[0307/161654.749:ERROR:process_memory_win.cc(73)] ReadMemory at 0x1a6d8a8000 of 852 bytes failed: Запрос ReadProcessMemory или WriteProcessMemory был выполнен только частично. (0x12B)
[0307/161654.749:ERROR:process_memory_win.cc(73)] ReadMemory at 0x1a6d8a9000 of 6024 bytes failed: Запрос ReadProcessMemory или WriteProcessMemory был выполнен только частично. (0x12B)
[0307/161654.749:ERROR:process_memory_win.cc(73)] ReadMemory at 0x1a6d8ab000 of 6024 bytes failed: Запрос ReadProcessMemory или WriteProcessMemory был выполнен только частично. (0x12B)
[0307/161654.749:ERROR:process_memory_win.cc(73)] ReadMemory at 0x1a6d8ad000 of 6024 bytes failed: Запрос ReadProcessMemory или WriteProcessMemory был выполнен только частично. (0x12B)
[0307/161654.749:ERROR:process_memory_win.cc(73)] ReadMemory at 0x1a6d8af000 of 6024 bytes failed: Запрос ReadProcessMemory или WriteProcessMemory был выполнен только частично. (0x12B)
[0307/161654.749:ERROR:process_memory_win.cc(73)] ReadMemory at 0x1a6d8b1000 of 6024 bytes failed: Запрос ReadProcessMemory или WriteProcessMemory был выполнен только частично. (0x12B)
[0307/161654.750:ERROR:process_memory_win.cc(73)] ReadMemory at 0x1a6d8b3000 of 6024 bytes failed: Запрос ReadProcessMemory или WriteProcessMemory был выполнен только частично. (0x12B)
[0307/161654.750:ERROR:process_memory_win.cc(73)] ReadMemory at 0x1a6d8b5000 of 6024 bytes failed: Запрос ReadProcessMemory или WriteProcessMemory был выполнен только частично. (0x12B)
[0307/161654.750:ERROR:process_memory_win.cc(73)] ReadMemory at 0x1a6d8b7000 of 6024 bytes failed: Запрос ReadProcessMemory или WriteProcessMemory был выполнен только частично. (0x12B)
[0307/161654.750:ERROR:process_memory_win.cc(73)] ReadMemory at 0x1a6d8b9000 of 6024 bytes failed: Запрос ReadProcessMemory или WriteProcessMemory был выполнен только частично. (0x12B)
[0307/161654.750:ERROR:process_memory_win.cc(73)] ReadMemory at 0x1a6d8bb000 of 6024 bytes failed: Запрос ReadProcessMemory или WriteProcessMemory был выполнен только частично. (0x12B)
[0307/161654.750:ERROR:process_memory_win.cc(73)] ReadMemory at 0x1a6d8bd000 of 6024 bytes failed: Запрос ReadProcessMemory или WriteProcessMemory был выполнен только частично. (0x12B)
[0307/161654.750:ERROR:process_memory_win.cc(73)] ReadMemory at 0x1a6d8bf000 of 6024 bytes failed: Запрос ReadProcessMemory или WriteProcessMemory был выполнен только частично. (0x12B)
[0307/161654.750:ERROR:process_memory_win.cc(73)] ReadMemory at 0x1a6d8c1000 of 6024 bytes failed: Запрос ReadProcessMemory или WriteProcessMemory был выполнен только частично. (0x12B)
[0307/161654.750:ERROR:process_memory_win.cc(73)] ReadMemory at 0x1a6d8c3000 of 6024 bytes failed: Запрос ReadProcessMemory или WriteProcessMemory был выполнен только частично. (0x12B)
[0307/161654.750:ERROR:process_memory_win.cc(73)] ReadMemory at 0x1a6d8c5000 of 6024 bytes failed: Запрос ReadProcessMemory или WriteProcessMemory был выполнен только частично. (0x12B)
[0307/161654.750:ERROR:process_memory_win.cc(73)] ReadMemory at 0x1a6d8c7000 of 6024 bytes failed: Запрос ReadProcessMemory или WriteProcessMemory был выполнен только частично. (0x12B)
[0307/161654.750:ERROR:process_memory_win.cc(73)] ReadMemory at 0x20e07770750 of 80 bytes failed: Запрос ReadProcessMemory или WriteProcessMemory был выполнен только частично. (0x12B)
[0307/161654.750:ERROR:process_memory_win.cc(73)] ReadMemory at 0x20e07770fe0 of 14990 bytes failed: Запрос ReadProcessMemory или WriteProcessMemory был выполнен только частично. (0x12B)
[0307/161654.751:ERROR:process_memory_win.cc(73)] ReadMemory at 0x20e07774a80 of 1012 bytes failed: Запрос ReadProcessMemory или WriteProcessMemory был выполнен только частично. (0x12B)
[0307/161654.751:ERROR:process_memory_win.cc(73)] ReadMemory at 0x20e077750c8 of 118 bytes failed: Запрос ReadProcessMemory или WriteProcessMemory был выполнен только частично. (0x12B)
[0307/161654.751:ERROR:process_memory_win.cc(73)] ReadMemory at 0x20e07775140 of 750 bytes failed: Запрос ReadProcessMemory или WriteProcessMemory был выполнен только частично. (0x12B)
[0307/161654.751:ERROR:process_memory_win.cc(73)] ReadMemory at 0x20e07775430 of 118 bytes failed: Запрос ReadProcessMemory или WriteProcessMemory был выполнен только частично. (0x12B)
[0307/161654.751:ERROR:process_memory_win.cc(73)] ReadMemory at 0x20e077754a8 of 100 bytes failed: Запрос ReadProcessMemory или WriteProcessMemory был выполнен только частично. (0x12B)
[0307/161654.751:ERROR:process_memory_win.cc(73)] ReadMemory at 0x20e07775520 of 58 bytes failed: Запрос ReadProcessMemory или WriteProcessMemory был выполнен только частично. (0x12B)
[0307/161654.751:ERROR:process_memory_win.cc(73)] ReadMemory at 0x20e07775620 of 132 bytes failed: Запрос ReadProcessMemory или WriteProcessMemory был выполнен только частично. (0x12B)
[0307/161654.751:ERROR:process_memory_win.cc(73)] ReadMemory at 0x20e077757b0 of 132 bytes failed: Запрос ReadProcessMemory или WriteProcessMemory был выполнен только частично. (0x12B)
[0307/161654.751:ERROR:process_memory_win.cc(73)] ReadMemory at 0x20e07775970 of 126 bytes failed: Запрос ReadProcessMemory или WriteProcessMemory был выполнен только частично. (0x12B)
[0307/161654.751:ERROR:process_memory_win.cc(73)] ReadMemory at 0x20e07775d50 of 132 bytes failed: Запрос ReadProcessMemory или WriteProcessMemory был выполнен только частично. (0x12B)
[0307/161654.751:ERROR:process_memory_win.cc(73)] ReadMemory at 0x20e07775ee0 of 64 bytes failed: Запрос ReadProcessMemory или WriteProcessMemory был выполнен только частично. (0x12B)
[0307/161654.751:ERROR:process_memory_win.cc(73)] ReadMemory at 0x20e07775f30 of 132 bytes failed: Запрос ReadProcessMemory или WriteProcessMemory был выполнен только частично. (0x12B)
[0307/161654.751:ERROR:process_memory_win.cc(73)] ReadMemory at 0x20e077760a0 of 132 bytes failed: Запрос ReadProcessMemory или WriteProcessMemory был выполнен только частично. (0x12B)
[0307/161654.751:ERROR:process_memory_win.cc(73)] ReadMemory at 0x20e07776340 of 132 bytes failed: Запрос ReadProcessMemory или WriteProcessMemory был выполнен только частично. (0x12B)
[0307/161654.751:ERROR:process_memory_win.cc(73)] ReadMemory at 0x20e077764d0 of 68 bytes failed: Запрос ReadProcessMemory или WriteProcessMemory был выполнен только частично. (0x12B)
[0307/161654.752:ERROR:process_memory_win.cc(73)] ReadMemory at 0x20e077774b0 of 146 bytes failed: Запрос ReadProcessMemory или WriteProcessMemory был выполнен только частично. (0x12B)
[0307/161654.752:ERROR:process_memory_win.cc(73)] ReadMemory at 0x20e07777590 of 132 bytes failed: Запрос ReadProcessMemory или WriteProcessMemory был выполнен только частично. (0x12B)
[0307/161654.752:ERROR:process_memory_win.cc(73)] ReadMemory at 0x20e07777720 of 154 bytes failed: Запрос ReadProcessMemory или WriteProcessMemory был выполнен только частично. (0x12B)
[0307/161654.752:ERROR:process_memory_win.cc(73)] ReadMemory at 0x20e077783f0 of 132 bytes failed: Запрос ReadProcessMemory или WriteProcessMemory был выполнен только частично. (0x12B)
[0307/161654.752:ERROR:process_memory_win.cc(73)] ReadMemory at 0x20e07778540 of 132 bytes failed: Запрос ReadProcessMemory или WriteProcessMemory был выполнен только частично. (0x12B)
[0307/161654.752:ERROR:process_memory_win.cc(73)] ReadMemory at 0x20e07778f00 of 62 bytes failed: Запрос ReadProcessMemory или WriteProcessMemory был выполнен только частично. (0x12B)
[0307/161654.752:ERROR:process_memory_win.cc(73)] ReadMemory at 0x20e07778f80 of 60 bytes failed: Запрос ReadProcessMemory или WriteProcessMemory был выполнен только частично. (0x12B)
[0307/161654.752:ERROR:process_memory_win.cc(73)] ReadMemory at 0x20e0777903c of 512 bytes failed: Запрос ReadProcessMemory или WriteProcessMemory был выполнен только частично. (0x12B)
[0307/161654.752:ERROR:process_memory_win.cc(73)] ReadMemory at 0x20e07779540 of 132 bytes failed: Запрос ReadProcessMemory или WriteProcessMemory был выполнен только частично. (0x12B)
[0307/161654.752:ERROR:process_memory_win.cc(73)] ReadMemory at 0x20e07779750 of 132 bytes failed: Запрос ReadProcessMemory или WriteProcessMemory был выполнен только частично. (0x12B)
[0307/161654.752:ERROR:process_memory_win.cc(73)] ReadMemory at 0x20e0777a160 of 132 bytes failed: Запрос ReadProcessMemory или WriteProcessMemory был выполнен только частично. (0x12B)
[0307/161654.752:ERROR:process_memory_win.cc(73)] ReadMemory at 0x20e0777d060 of 64 bytes failed: Запрос ReadProcessMemory или WriteProcessMemory был выполнен только частично. (0x12B)
[0307/161654.752:ERROR:process_memory_win.cc(73)] ReadMemory at 0x20e0777d0b0 of 62 bytes failed: Запрос ReadProcessMemory или WriteProcessMemory был выполнен только частично. (0x12B)
[0307/161654.752:ERROR:process_memory_win.cc(73)] ReadMemory at 0x20e0777d100 of 64 bytes failed: Запрос ReadProcessMemory или WriteProcessMemory был выполнен только частично. (0x12B)
[0307/161654.752:ERROR:process_memory_win.cc(73)] ReadMemory at 0x20e0777d330 of 60 bytes failed: Запрос ReadProcessMemory или WriteProcessMemory был выполнен только частично. (0x12B)
[0307/161654.752:ERROR:process_memory_win.cc(73)] ReadMemory at 0x20e0777d420 of 64 bytes failed: Запрос ReadProcessMemory или WriteProcessMemory был выполнен только частично. (0x12B)
[0307/161654.752:ERROR:process_memory_win.cc(73)] ReadMemory at 0x20e0777d600 of 60 bytes failed: Запрос ReadProcessMemory или WriteProcessMemory был выполнен только частично. (0x12B)
[0307/161654.752:ERROR:process_memory_win.cc(73)] ReadMemory at 0x20e0777d650 of 64 bytes failed: Запрос ReadProcessMemory или WriteProcessMemory был выполнен только частично. (0x12B)
[0307/161654.752:ERROR:process_memory_win.cc(73)] ReadMemory at 0x20e0777d6a0 of 62 bytes failed: Запрос ReadProcessMemory или WriteProcessMemory был выполнен только частично. (0x12B)
[0307/161654.752:ERROR:process_memory_win.cc(73)] ReadMemory at 0x20e0777d740 of 66 bytes failed: Запрос ReadProcessMemory или WriteProcessMemory был выполнен только частично. (0x12B)
[0307/161654.752:ERROR:process_memory_win.cc(73)] ReadMemory at 0x20e0777da00 of 64 bytes failed: Запрос ReadProcessMemory или WriteProcessMemory был выполнен только частично. (0x12B)
[0307/161654.752:ERROR:process_memory_win.cc(73)] ReadMemory at 0x20e0777da50 of 64 bytes failed: Запрос ReadProcessMemory или WriteProcessMemory был выполнен только частично. (0x12B)
[0307/161654.752:ERROR:process_memory_win.cc(73)] ReadMemory at 0x20e0777daa0 of 60 bytes failed: Запрос ReadProcessMemory или WriteProcessMemory был выполнен только частично. (0x12B)
[0307/161654.752:ERROR:process_memory_win.cc(73)] ReadMemory at 0x20e0777db90 of 66 bytes failed: Запрос ReadProcessMemory или WriteProcessMemory был выполнен только частично. (0x12B)
[0307/161654.753:ERROR:process_memory_win.cc(73)] ReadMemory at 0x20e0777dbe0 of 64 bytes failed: Запрос ReadProcessMemory или WriteProcessMemory был выполнен только частично. (0x12B)
[0307/161654.753:ERROR:process_memory_win.cc(73)] ReadMemory at 0x20e0777dc30 of 62 bytes failed: Запрос ReadProcessMemory или WriteProcessMemory был выполнен только частично. (0x12B)
[0307/161654.753:ERROR:process_memory_win.cc(73)] ReadMemory at 0x20e0777dcd0 of 62 bytes failed: Запрос ReadProcessMemory или WriteProcessMemory был выполнен только частично. (0x12B)
[0307/161654.753:ERROR:process_memory_win.cc(73)] ReadMemory at 0x20e0777dd20 of 60 bytes failed: Запрос ReadProcessMemory или WriteProcessMemory был выполнен только частично. (0x12B)
[0307/161654.753:ERROR:process_memory_win.cc(73)] ReadMemory at 0x20e0777ddc0 of 62 bytes failed: Запрос ReadProcessMemory или WriteProcessMemory был выполнен только частично. (0x12B)
[0307/161654.753:ERROR:process_memory_win.cc(73)] ReadMemory at 0x20e0777de10 of 60 bytes failed: Запрос ReadProcessMemory или WriteProcessMemory был выполнен только частично. (0x12B)
[0307/161654.753:ERROR:process_memory_win.cc(73)] ReadMemory at 0x20e0777de60 of 62 bytes failed: Запрос ReadProcessMemory или WriteProcessMemory был выполнен только частично. (0x12B)
[0307/161654.753:ERROR:process_memory_win.cc(73)] ReadMemory at 0x20e0777df00 of 62 bytes failed: Запрос ReadProcessMemory или WriteProcessMemory был выполнен только частично. (0x12B)
[0307/161654.753:ERROR:process_memory_win.cc(73)] ReadMemory at 0x20e0777e1d0 of 58 bytes failed: Запрос ReadProcessMemory или WriteProcessMemory был выполнен только частично. (0x12B)
[0307/161654.753:ERROR:process_memory_win.cc(73)] ReadMemory at 0x20e0777e270 of 60 bytes failed: Запрос ReadProcessMemory или WriteProcessMemory был выполнен только частично. (0x12B)
[0307/161654.753:ERROR:process_memory_win.cc(73)] ReadMemory at 0x20e0777e4f0 of 62 bytes failed: Запрос ReadProcessMemory или WriteProcessMemory был выполнен только частично. (0x12B)
[0307/161654.753:ERROR:process_memory_win.cc(73)] ReadMemory at 0x20e0777e590 of 64 bytes failed: Запрос ReadProcessMemory или WriteProcessMemory был выполнен только частично. (0x12B)
[0307/161654.753:ERROR:process_memory_win.cc(73)] ReadMemory at 0x20e0777e680 of 62 bytes failed: Запрос ReadProcessMemory или WriteProcessMemory был выполнен только частично. (0x12B)
[0307/161654.753:ERROR:process_memory_win.cc(73)] ReadMemory at 0x20e0777e770 of 62 bytes failed: Запрос ReadProcessMemory или WriteProcessMemory был выполнен только частично. (0x12B)
[0307/161654.753:ERROR:process_memory_win.cc(73)] ReadMemory at 0x20e077802b0 of 132 bytes failed: Запрос ReadProcessMemory или WriteProcessMemory был выполнен только частично. (0x12B)
[0307/161654.753:ERROR:process_memory_win.cc(73)] ReadMemory at 0x20e077803e0 of 132 bytes failed: Запрос ReadProcessMemory или WriteProcessMemory был выполнен только частично. (0x12B)
[0307/161654.753:ERROR:process_memory_win.cc(73)] ReadMemory at 0x20e07780640 of 132 bytes failed: Запрос ReadProcessMemory или WriteProcessMemory был выполнен только частично. (0x12B)
[0307/161654.753:ERROR:process_memory_win.cc(73)] ReadMemory at 0x20e07780770 of 132 bytes failed: Запрос ReadProcessMemory или WriteProcessMemory был выполнен только частично. (0x12B)
[0307/161654.753:ERROR:process_memory_win.cc(73)] ReadMemory at 0x20e077808a0 of 132 bytes failed: Запрос ReadProcessMemory или WriteProcessMemory был выполнен только частично. (0x12B)
[0307/161654.753:ERROR:process_memory_win.cc(73)] ReadMemory at 0x20e07782500 of 80 bytes failed: Запрос ReadProcessMemory или WriteProcessMemory был выполнен только частично. (0x12B)
[0307/161654.753:ERROR:process_memory_win.cc(73)] ReadMemory at 0x20e077825c0 of 76 bytes failed: Запрос ReadProcessMemory или WriteProcessMemory был выполнен только частично. (0x12B)
[0307/161654.753:ERROR:process_memory_win.cc(73)] ReadMemory at 0x20e077835b0 of 132 bytes failed: Запрос ReadProcessMemory или WriteProcessMemory был выполнен только частично. (0x12B)
[0307/161654.753:ERROR:process_memory_win.cc(73)] ReadMemory at 0x20e07784260 of 54 bytes failed: Запрос ReadProcessMemory или WriteProcessMemory был выполнен только частично. (0x12B)
[0307/161654.753:ERROR:process_memory_win.cc(73)] ReadMemory at 0x20e07784fa0 of 132 bytes failed: Запрос ReadProcessMemory или WriteProcessMemory был выполнен только частично. (0x12B)
[0307/161654.753:ERROR:process_memory_win.cc(73)] ReadMemory at 0x20e077851c0 of 132 bytes failed: Запрос ReadProcessMemory или WriteProcessMemory был выполнен только частично. (0x12B)
[0307/161654.753:ERROR:process_memory_win.cc(73)] ReadMemory at 0x20e07785cf0 of 132 bytes failed: Запрос ReadProcessMemory или WriteProcessMemory был выполнен только частично. (0x12B)
[0307/161654.753:ERROR:process_memory_win.cc(73)] ReadMemory at 0x20e07787460 of 132 bytes failed: Запрос ReadProcessMemory или WriteProcessMemory был выполнен только частично. (0x12B)
[0307/161654.754:ERROR:process_memory_win.cc(73)] ReadMemory at 0x20e077891b0 of 132 bytes failed: Запрос ReadProcessMemory или WriteProcessMemory был выполнен только частично. (0x12B)
[0307/161654.754:ERROR:process_memory_win.cc(73)] ReadMemory at 0x20e077892e0 of 132 bytes failed: Запрос ReadProcessMemory или WriteProcessMemory был выполнен только частично. (0x12B)
[0307/161654.754:ERROR:process_memory_win.cc(73)] ReadMemory at 0x20e07789410 of 132 bytes failed: Запрос ReadProcessMemory или WriteProcessMemory был выполнен только частично. (0x12B)
[0307/161654.754:ERROR:process_memory_win.cc(73)] ReadMemory at 0x20e077897a0 of 132 bytes failed: Запрос ReadProcessMemory или WriteProcessMemory был выполнен только частично. (0x12B)
[0307/161654.754:ERROR:process_memory_win.cc(73)] ReadMemory at 0x20e07789a00 of 132 bytes failed: Запрос ReadProcessMemory или WriteProcessMemory был выполнен только частично. (0x12B)
[0307/161654.754:ERROR:process_memory_win.cc(73)] ReadMemory at 0x20e07789b30 of 132 bytes failed: Запрос ReadProcessMemory или WriteProcessMemory был выполнен только частично. (0x12B)
[0307/161654.754:ERROR:process_memory_win.cc(73)] ReadMemory at 0x20e07789ec0 of 132 bytes failed: Запрос ReadProcessMemory или WriteProcessMemory был выполнен только частично. (0x12B)
[0307/161654.754:ERROR:process_memory_win.cc(73)] ReadMemory at 0x20e0778a250 of 132 bytes failed: Запрос ReadProcessMemory или WriteProcessMemory был выполнен только частично. (0x12B)
[0307/161654.754:ERROR:process_memory_win.cc(73)] ReadMemory at 0x20e0778a380 of 132 bytes failed: Запрос ReadProcessMemory или WriteProcessMemory был выполнен только частично. (0x12B)
[0307/161654.754:ERROR:process_memory_win.cc(73)] ReadMemory at 0x20e0778a4b0 of 132 bytes failed: Запрос ReadProcessMemory или WriteProcessMemory был выполнен только частично. (0x12B)
[0307/161654.754:ERROR:process_memory_win.cc(73)] ReadMemory at 0x20e0778a5e0 of 132 bytes failed: Запрос ReadProcessMemory или WriteProcessMemory был выполнен только частично. (0x12B)
[0307/161654.754:ERROR:process_memory_win.cc(73)] ReadMemory at 0x20e0778a840 of 132 bytes failed: Запрос ReadProcessMemory или WriteProcessMemory был выполнен только частично. (0x12B)
[0307/161654.754:ERROR:process_memory_win.cc(73)] ReadMemory at 0x20e0778a970 of 132 bytes failed: Запрос ReadProcessMemory или WriteProcessMemory был выполнен только частично. (0x12B)
[0307/161654.754:ERROR:process_memory_win.cc(73)] ReadMemory at 0x20e0778aaa0 of 132 bytes failed: Запрос ReadProcessMemory или WriteProcessMemory был выполнен только частично. (0x12B)
[0307/161654.754:ERROR:process_memory_win.cc(73)] ReadMemory at 0x20e0778abd0 of 132 bytes failed: Запрос ReadProcessMemory или WriteProcessMemory был выполнен только частично. (0x12B)
[0307/161654.754:ERROR:process_memory_win.cc(73)] ReadMemory at 0x20e0778ad00 of 132 bytes failed: Запрос ReadProcessMemory или WriteProcessMemory был выполнен только частично. (0x12B)
[0307/161654.754:ERROR:process_memory_win.cc(73)] ReadMemory at 0x20e0778ae30 of 132 bytes failed: Запрос ReadProcessMemory или WriteProcessMemory был выполнен только частично. (0x12B)
[0307/161654.754:ERROR:process_memory_win.cc(73)] ReadMemory at 0x20e0778b7b0 of 512 bytes failed: Запрос ReadProcessMemory или WriteProcessMemory был выполнен только частично. (0x12B)
[0307/161654.754:ERROR:process_memory_win.cc(73)] ReadMemory at 0x20e077a3030 of 512 bytes failed: Запрос ReadProcessMemory или WriteProcessMemory был выполнен только частично. (0x12B)
[0307/161654.754:ERROR:process_memory_win.cc(73)] ReadMemory at 0x20e079d0c40 of 896 bytes failed: Запрос ReadProcessMemory или WriteProcessMemory был выполнен только частично. (0x12B)
[0307/161654.754:ERROR:process_memory_win.cc(73)] ReadMemory at 0x20e079d1c00 of 512 bytes failed: Запрос ReadProcessMemory или WriteProcessMemory был выполнен только частично. (0x12B)
[0307/161654.754:ERROR:process_memory_win.cc(73)] ReadMemory at 0x20e07ba1f10 of 512 bytes failed: Запрос ReadProcessMemory или WriteProcessMemory был выполнен только частично. (0x12B)
[0307/161654.754:ERROR:process_memory_win.cc(73)] ReadMemory at 0x20e07ba3c80 of 512 bytes failed: Запрос ReadProcessMemory или WriteProcessMemory был выполнен только частично. (0x12B)
[0307/161654.755:ERROR:process_memory_win.cc(73)] ReadMemory at 0x20e07ba46a0 of 512 bytes failed: Запрос ReadProcessMemory или WriteProcessMemory был выполнен только частично. (0x12B)
[0307/161654.755:ERROR:process_memory_win.cc(73)] ReadMemory at 0x20e07ba5940 of 512 bytes failed: Запрос ReadProcessMemory или WriteProcessMemory был выполнен только частично. (0x12B)
[0307/161654.755:ERROR:process_memory_win.cc(73)] ReadMemory at 0x20e07bbc940 of 512 bytes failed: Запрос ReadProcessMemory или WriteProcessMemory был выполнен только частично. (0x12B)
[0307/161654.755:ERROR:process_memory_win.cc(73)] ReadMemory at 0x20e07bc16f0 of 512 bytes failed: Запрос ReadProcessMemory или WriteProcessMemory был выполнен только частично. (0x12B)
[0307/161654.755:ERROR:process_memory_win.cc(73)] ReadMemory at 0x20e07bd4b90 of 712 bytes failed: Запрос ReadProcessMemory или WriteProcessMemory был выполнен только частично. (0x12B)
[0307/161654.755:ERROR:process_memory_win.cc(73)] ReadMemory at 0x20e07be06e8 of 656 bytes failed: Запрос ReadProcessMemory или WriteProcessMemory был выполнен только частично. (0x12B)
[0307/161654.755:ERROR:process_memory_win.cc(73)] ReadMemory at 0x20e07be0bf8 of 512 bytes failed: Запрос ReadProcessMemory или WriteProcessMemory был выполнен только частично. (0x12B)
[0307/161654.755:ERROR:process_memory_win.cc(73)] ReadMemory at 0x20e07be1108 of 512 bytes failed: Запрос ReadProcessMemory или WriteProcessMemory был выполнен только частично. (0x12B)
[0307/161654.755:ERROR:process_memory_win.cc(73)] ReadMemory at 0x20e07be1d68 of 512 bytes failed: Запрос ReadProcessMemory или WriteProcessMemory был выполнен только частично. (0x12B)
[0307/161654.755:ERROR:process_memory_win.cc(73)] ReadMemory at 0x20e09a862f0 of 512 bytes failed: Запрос ReadProcessMemory или WriteProcessMemory был выполнен только частично. (0x12B)
[0307/161654.755:ERROR:process_memory_win.cc(73)] ReadMemory at 0x20e09aa8950 of 512 bytes failed: Запрос ReadProcessMemory или WriteProcessMemory был выполнен только частично. (0x12B)
[0307/161654.755:ERROR:process_memory_win.cc(73)] ReadMemory at 0x20e09c1a670 of 512 bytes failed: Запрос ReadProcessMemory или WriteProcessMemory был выполнен только частично. (0x12B)
[0307/161654.755:ERROR:process_memory_win.cc(73)] ReadMemory at 0x20e09f40000 of 384 bytes failed: Запрос ReadProcessMemory или WriteProcessMemory был выполнен только частично. (0x12B)
[0307/161654.755:ERROR:process_memory_win.cc(73)] ReadMemory at 0x20e09f7aa38 of 512 bytes failed: Запрос ReadProcessMemory или WriteProcessMemory был выполнен только частично. (0x12B)
[0307/161654.755:ERROR:process_memory_win.cc(73)] ReadMemory at 0x20e09fa5660 of 512 bytes failed: Запрос ReadProcessMemory или WriteProcessMemory был выполнен только частично. (0x12B)
[0307/161654.755:ERROR:process_memory_win.cc(73)] ReadMemory at 0x645c5db24a80 of 512 bytes failed: Запрос ReadProcessMemory или WriteProcessMemory был выполнен только частично. (0x12B)
[0307/161654.755:ERROR:process_memory_win.cc(73)] ReadMemory at 0x7ffed8e9026c of 512 bytes failed: Запрос ReadProcessMemory или WriteProcessMemory был выполнен только частично. (0x12B)
[0307/161654.755:ERROR:process_memory_win.cc(73)] ReadMemory at 0x7ffed9c23a7b of 512 bytes failed: Запрос ReadProcessMemory или WriteProcessMemory был выполнен только частично. (0x12B)
[0307/161654.755:ERROR:process_memory_win.cc(73)] ReadMemory at 0x7fff283ab6d0 of 512 bytes failed: Запрос ReadProcessMemory или WriteProcessMemory был выполнен только частично. (0x12B)
[0307/161654.755:ERROR:process_memory_win.cc(73)] ReadMemory at 0x7fff2acfc0c4 of 672 bytes failed: Запрос ReadProcessMemory или WriteProcessMemory был выполнен только частично. (0x12B)
[0307/161654.755:ERROR:process_memory_win.cc(73)] ReadMemory at 0x7fff2acfc6c4 of 512 bytes failed: Запрос ReadProcessMemory или WriteProcessMemory был выполнен только частично. (0x12B)
[0307/161654.755:ERROR:process_memory_win.cc(73)] ReadMemory at 0x7fff2acff974 of 608 bytes failed: Запрос ReadProcessMemory или WriteProcessMemory был выполнен только частично. (0x12B)
[0307/161654.756:ERROR:process_memory_win.cc(73)] ReadMemory at 0x7fff2ad8c428 of 18 bytes failed: Запрос ReadProcessMemory или WriteProcessMemory был выполнен только частично. (0x12B)
[0307/161654.756:ERROR:process_memory_win.cc(73)] ReadMemory at 0x7fff2adbf4f8 of 40 bytes failed: Запрос ReadProcessMemory или WriteProcessMemory был выполнен только частично. (0x12B)
[0307/161654.756:ERROR:process_memory_win.cc(73)] ReadMemory at 0x7fff2adbf978 of 48 bytes failed: Запрос ReadProcessMemory или WriteProcessMemory был выполнен только частично. (0x12B)
[0307/161654.756:ERROR:process_memory_win.cc(73)] ReadMemory at 0x7fff2adc53c0 of 64 bytes failed: Запрос ReadProcessMemory или WriteProcessMemory был выполнен только частично. (0x12B)
[0307/161654.756:ERROR:scoped_process_suspend.cc(40)] NtResumeProcess: Попытка доступа к процессу, выполняющему процедуру завершения. (0xc000010a)
